{"/home/gtr/work/maciasoft/Controlador Pesaje/codigo/frontend/src/App.tsx": {"path":"/home/gtr/work/maciasoft/Controlador Pesaje/codigo/frontend/src/App.tsx","statementMap":{"0":{"start":{"line":19,"column":27},"end":{"line":19,"column":null}},"1":{"start":{"line":20,"column":18},"end":{"line":20,"column":null}},"2":{"start":{"line":21,"column":17},"end":{"line":21,"column":null}},"3":{"start":{"line":23,"column":8},"end":{"line":26,"column":null}},"4":{"start":{"line":24,"column":4},"end":{"line":24,"column":null}},"5":{"start":{"line":24,"column":26},"end":{"line":24,"column":null}},"6":{"start":{"line":25,"column":4},"end":{"line":25,"column":null}},"7":{"start":{"line":28,"column":2},"end":{"line":59,"column":null}}},"fnMap":{"0":{"name":"App","decl":{"start":{"line":18,"column":9},"end":{"line":18,"column":15}},"loc":{"start":{"line":18,"column":15},"end":{"line":61,"column":null}},"line":18},"1":{"name":"(anonymous_1)","decl":{"start":{"line":23,"column":8},"end":{"line":23,"column":32}},"loc":{"start":{"line":23,"column":32},"end":{"line":26,"column":null}},"line":23}},"branchMap":{"0":{"loc":{"start":{"line":21,"column":17},"end":{"line":21,"column":null}},"type":"binary-expr","locations":[{"start":{"line":21,"column":17},"end":{"line":21,"column":50}},{"start":{"line":21,"column":50},"end":{"line":21,"column":null}}],"line":21},"1":{"loc":{"start":{"line":24,"column":4},"end":{"line":24,"column":null}},"type":"if","locations":[{"start":{"line":24,"column":4},"end":{"line":24,"column":null}},{"start":{},"end":{}}],"line":24},"2":{"loc":{"start":{"line":25,"column":12},"end":{"line":25,"column":null}},"type":"cond-expr","locations":[{"start":{"line":25,"column":59},"end":{"line":25,"column":87}},{"start":{"line":25,"column":87},"end":{"line":25,"column":null}}],"line":25},"3":{"loc":{"start":{"line":48,"column":43},"end":{"line":48,"column":111}},"type":"cond-expr","locations":[{"start":{"line":48,"column":52},"end":{"line":48,"column":73}},{"start":{"line":48,"column":72},"end":{"line":48,"column":111}}],"line":48},"4":{"loc":{"start":{"line":49,"column":40},"end":{"line":49,"column":105}},"type":"cond-expr","locations":[{"start":{"line":49,"column":49},"end":{"line":49,"column":67}},{"start":{"line":49,"column":66},"end":{"line":49,"column":105}}],"line":49},"5":{"loc":{"start":{"line":50,"column":40},"end":{"line":50,"column":105}},"type":"cond-expr","locations":[{"start":{"line":50,"column":49},"end":{"line":50,"column":67}},{"start":{"line":50,"column":66},"end":{"line":50,"column":105}}],"line":50},"6":{"loc":{"start":{"line":51,"column":39},"end":{"line":51,"column":103}},"type":"cond-expr","locations":[{"start":{"line":51,"column":48},"end":{"line":51,"column":65}},{"start":{"line":51,"column":64},"end":{"line":51,"column":103}}],"line":51},"7":{"loc":{"start":{"line":52,"column":42},"end":{"line":52,"column":110}},"type":"cond-expr","locations":[{"start":{"line":52,"column":52},"end":{"line":52,"column":72}},{"start":{"line":52,"column":71},"end":{"line":52,"column":110}}],"line":52}},"s":{"0":3,"1":3,"2":3,"3":3,"4":6,"5":2,"6":4,"7":3},"f":{"0":3,"1":6},"b":{"0":[3,3],"1":[2,4],"2":[2,2],"3":[1,2],"4":[1,2],"5":[1,2],"6":[1,2],"7":[1,2]},"meta":{"lastBranch":8,"lastFunction":2,"lastStatement":8,"seen":{"f:18:9:18:15":0,"s:19:27:19:Infinity":0,"s:20:18:20:Infinity":1,"s:21:17:21:Infinity":2,"b:21:17:21:50:21:50:21:Infinity":0,"s:23:8:26:Infinity":3,"f:23:8:23:32":1,"b:24:4:24:Infinity:undefined:undefined:undefined:undefined":1,"s:24:4:24:Infinity":4,"s:24:26:24:Infinity":5,"s:25:4:25:Infinity":6,"b:25:59:25:87:25:87:25:Infinity":2,"s:28:2:59:Infinity":7,"b:48:52:48:73:48:72:48:111":3,"b:49:49:49:67:49:66:49:105":4,"b:50:49:50:67:50:66:50:105":5,"b:51:48:51:65:51:64:51:103":6,"b:52:52:52:72:52:71:52:110":7}}}
,"/home/gtr/work/maciasoft/Controlador Pesaje/codigo/frontend/src/api/articulos.ts": {"path":"/home/gtr/work/maciasoft/Controlador Pesaje/codigo/frontend/src/api/articulos.ts","statementMap":{"0":{"start":{"line":16,"column":28},"end":{"line":19,"column":null}},"1":{"start":{"line":17,"column":19},"end":{"line":17,"column":null}},"2":{"start":{"line":18,"column":2},"end":{"line":18,"column":null}},"3":{"start":{"line":21,"column":37},"end":{"line":24,"column":null}},"4":{"start":{"line":22,"column":19},"end":{"line":22,"column":null}},"5":{"start":{"line":23,"column":2},"end":{"line":23,"column":null}},"6":{"start":{"line":26,"column":27},"end":{"line":29,"column":null}},"7":{"start":{"line":27,"column":19},"end":{"line":27,"column":null}},"8":{"start":{"line":28,"column":2},"end":{"line":28,"column":null}},"9":{"start":{"line":31,"column":30},"end":{"line":34,"column":null}},"10":{"start":{"line":32,"column":19},"end":{"line":32,"column":null}},"11":{"start":{"line":33,"column":2},"end":{"line":33,"column":null}},"12":{"start":{"line":36,"column":30},"end":{"line":39,"column":null}},"13":{"start":{"line":37,"column":19},"end":{"line":37,"column":null}},"14":{"start":{"line":38,"column":2},"end":{"line":38,"column":null}},"15":{"start":{"line":41,"column":30},"end":{"line":43,"column":null}},"16":{"start":{"line":42,"column":2},"end":{"line":42,"column":null}}},"fnMap":{"0":{"name":"(anonymous_0)","decl":{"start":{"line":16,"column":28},"end":{"line":16,"column":61}},"loc":{"start":{"line":16,"column":61},"end":{"line":19,"column":null}},"line":16},"1":{"name":"(anonymous_1)","decl":{"start":{"line":21,"column":37},"end":{"line":21,"column":70}},"loc":{"start":{"line":21,"column":70},"end":{"line":24,"column":null}},"line":21},"2":{"name":"(anonymous_2)","decl":{"start":{"line":26,"column":27},"end":{"line":26,"column":34}},"loc":{"start":{"line":26,"column":68},"end":{"line":29,"column":null}},"line":26},"3":{"name":"(anonymous_3)","decl":{"start":{"line":31,"column":30},"end":{"line":31,"column":37}},"loc":{"start":{"line":31,"column":91},"end":{"line":34,"column":null}},"line":31},"4":{"name":"(anonymous_4)","decl":{"start":{"line":36,"column":30},"end":{"line":36,"column":37}},"loc":{"start":{"line":36,"column":100},"end":{"line":39,"column":null}},"line":36},"5":{"name":"(anonymous_5)","decl":{"start":{"line":41,"column":30},"end":{"line":41,"column":37}},"loc":{"start":{"line":41,"column":67},"end":{"line":43,"column":null}},"line":41}},"branchMap":{},"s":{"0":2,"1":12,"2":12,"3":2,"4":12,"5":12,"6":2,"7":0,"8":0,"9":2,"10":0,"11":0,"12":2,"13":3,"14":3,"15":2,"16":0},"f":{"0":12,"1":12,"2":0,"3":0,"4":3,"5":0},"b":{},"meta":{"lastBranch":0,"lastFunction":6,"lastStatement":17,"seen":{"s:16:28:19:Infinity":0,"f:16:28:16:61":0,"s:17:19:17:Infinity":1,"s:18:2:18:Infinity":2,"s:21:37:24:Infinity":3,"f:21:37:21:70":1,"s:22:19:22:Infinity":4,"s:23:2:23:Infinity":5,"s:26:27:29:Infinity":6,"f:26:27:26:34":2,"s:27:19:27:Infinity":7,"s:28:2:28:Infinity":8,"s:31:30:34:Infinity":9,"f:31:30:31:37":3,"s:32:19:32:Infinity":10,"s:33:2:33:Infinity":11,"s:36:30:39:Infinity":12,"f:36:30:36:37":4,"s:37:19:37:Infinity":13,"s:38:2:38:Infinity":14,"s:41:30:43:Infinity":15,"f:41:30:41:37":5,"s:42:2:42:Infinity":16}}}
,"/home/gtr/work/maciasoft/Controlador Pesaje/codigo/frontend/src/api/auth.ts": {"path":"/home/gtr/work/maciasoft/Controlador Pesaje/codigo/frontend/src/api/auth.ts","statementMap":{"0":{"start":{"line":4,"column":24},"end":{"line":7,"column":null}},"1":{"start":{"line":5,"column":19},"end":{"line":5,"column":null}},"2":{"start":{"line":6,"column":2},"end":{"line":6,"column":null}},"3":{"start":{"line":9,"column":32},"end":{"line":11,"column":null}},"4":{"start":{"line":10,"column":2},"end":{"line":10,"column":null}},"5":{"start":{"line":13,"column":35},"end":{"line":15,"column":null}},"6":{"start":{"line":14,"column":2},"end":{"line":14,"column":null}},"7":{"start":{"line":17,"column":31},"end":{"line":20,"column":null}},"8":{"start":{"line":18,"column":19},"end":{"line":18,"column":null}},"9":{"start":{"line":19,"column":2},"end":{"line":19,"column":null}},"10":{"start":{"line":22,"column":33},"end":{"line":24,"column":null}},"11":{"start":{"line":23,"column":2},"end":{"line":23,"column":null}}},"fnMap":{"0":{"name":"(anonymous_0)","decl":{"start":{"line":4,"column":24},"end":{"line":4,"column":31}},"loc":{"start":{"line":4,"column":108},"end":{"line":7,"column":null}},"line":4},"1":{"name":"(anonymous_1)","decl":{"start":{"line":9,"column":32},"end":{"line":9,"column":39}},"loc":{"start":{"line":9,"column":59},"end":{"line":11,"column":null}},"line":9},"2":{"name":"(anonymous_2)","decl":{"start":{"line":13,"column":35},"end":{"line":13,"column":42}},"loc":{"start":{"line":13,"column":62},"end":{"line":15,"column":null}},"line":13},"3":{"name":"(anonymous_3)","decl":{"start":{"line":17,"column":31},"end":{"line":17,"column":38}},"loc":{"start":{"line":17,"column":81},"end":{"line":20,"column":null}},"line":17},"4":{"name":"(anonymous_4)","decl":{"start":{"line":22,"column":33},"end":{"line":22,"column":40}},"loc":{"start":{"line":22,"column":61},"end":{"line":24,"column":null}},"line":22}},"branchMap":{},"s":{"0":10,"1":1,"2":1,"3":10,"4":2,"5":10,"6":1,"7":10,"8":1,"9":1,"10":10,"11":1},"f":{"0":1,"1":2,"2":1,"3":1,"4":1},"b":{},"meta":{"lastBranch":0,"lastFunction":5,"lastStatement":12,"seen":{"s:4:24:7:Infinity":0,"f:4:24:4:31":0,"s:5:19:5:Infinity":1,"s:6:2:6:Infinity":2,"s:9:32:11:Infinity":3,"f:9:32:9:39":1,"s:10:2:10:Infinity":4,"s:13:35:15:Infinity":5,"f:13:35:13:42":2,"s:14:2:14:Infinity":6,"s:17:31:20:Infinity":7,"f:17:31:17:38":3,"s:18:19:18:Infinity":8,"s:19:2:19:Infinity":9,"s:22:33:24:Infinity":10,"f:22:33:22:40":4,"s:23:2:23:Infinity":11}}}
,"/home/gtr/work/maciasoft/Controlador Pesaje/codigo/frontend/src/api/axios.ts": {"path":"/home/gtr/work/maciasoft/Controlador Pesaje/codigo/frontend/src/api/axios.ts","statementMap":{"0":{"start":{"line":4,"column":12},"end":{"line":7,"column":null}},"1":{"start":{"line":9,"column":35},"end":{"line":9,"column":null}},"2":{"start":{"line":10,"column":13},"end":{"line":12,"column":null}},"3":{"start":{"line":11,"column":2},"end":{"line":11,"column":null}},"4":{"start":{"line":15,"column":0},"end":{"line":21,"column":null}},"5":{"start":{"line":16,"column":16},"end":{"line":16,"column":null}},"6":{"start":{"line":17,"column":2},"end":{"line":19,"column":null}},"7":{"start":{"line":18,"column":4},"end":{"line":18,"column":null}},"8":{"start":{"line":20,"column":2},"end":{"line":20,"column":null}},"9":{"start":{"line":24,"column":0},"end":{"line":41,"column":null}},"10":{"start":{"line":25,"column":16},"end":{"line":25,"column":null}},"11":{"start":{"line":27,"column":4},"end":{"line":38,"column":null}},"12":{"start":{"line":28,"column":6},"end":{"line":37,"column":null}},"13":{"start":{"line":29,"column":8},"end":{"line":29,"column":null}},"14":{"start":{"line":32,"column":8},"end":{"line":35,"column":null}},"15":{"start":{"line":33,"column":10},"end":{"line":33,"column":null}},"16":{"start":{"line":34,"column":10},"end":{"line":34,"column":null}},"17":{"start":{"line":36,"column":8},"end":{"line":36,"column":null}},"18":{"start":{"line":39,"column":4},"end":{"line":39,"column":null}}},"fnMap":{"0":{"name":"(anonymous_0)","decl":{"start":{"line":10,"column":13},"end":{"line":10,"column":33}},"loc":{"start":{"line":10,"column":52},"end":{"line":12,"column":null}},"line":10},"1":{"name":"(anonymous_1)","decl":{"start":{"line":15,"column":25},"end":{"line":15,"column":30}},"loc":{"start":{"line":15,"column":41},"end":{"line":21,"column":1}},"line":15},"2":{"name":"(anonymous_2)","decl":{"start":{"line":24,"column":26},"end":{"line":24,"column":null}},"loc":{"start":{"line":25,"column":16},"end":{"line":25,"column":null}},"line":25},"3":{"name":"(anonymous_3)","decl":{"start":{"line":25,"column":16},"end":{"line":25,"column":null}},"loc":{"start":{"line":26,"column":13},"end":{"line":40,"column":null}},"line":26}},"branchMap":{"0":{"loc":{"start":{"line":5,"column":11},"end":{"line":5,"column":null}},"type":"binary-expr","locations":[{"start":{"line":5,"column":11},"end":{"line":5,"column":43}},{"start":{"line":5,"column":43},"end":{"line":5,"column":null}}],"line":5},"1":{"loc":{"start":{"line":17,"column":2},"end":{"line":19,"column":null}},"type":"if","locations":[{"start":{"line":17,"column":2},"end":{"line":19,"column":null}},{"start":{},"end":{}}],"line":17},"2":{"loc":{"start":{"line":27,"column":4},"end":{"line":38,"column":null}},"type":"if","locations":[{"start":{"line":27,"column":4},"end":{"line":38,"column":null}},{"start":{},"end":{}}],"line":27},"3":{"loc":{"start":{"line":28,"column":6},"end":{"line":37,"column":null}},"type":"if","locations":[{"start":{"line":28,"column":6},"end":{"line":37,"column":null}},{"start":{"line":30,"column":13},"end":{"line":37,"column":null}}],"line":28}},"s":{"0":11,"1":11,"2":11,"3":8,"4":11,"5":96,"6":96,"7":0,"8":96,"9":11,"10":95,"11":3,"12":1,"13":1,"14":0,"15":0,"16":0,"17":0,"18":3},"f":{"0":8,"1":96,"2":95,"3":3},"b":{"0":[11,0],"1":[0,96],"2":[1,2],"3":[1,0]},"meta":{"lastBranch":4,"lastFunction":4,"lastStatement":19,"seen":{"s:4:12:7:Infinity":0,"b:5:11:5:43:5:43:5:Infinity":0,"s:9:35:9:Infinity":1,"s:10:13:12:Infinity":2,"f:10:13:10:33":0,"s:11:2:11:Infinity":3,"s:15:0:21:Infinity":4,"f:15:25:15:30":1,"s:16:16:16:Infinity":5,"b:17:2:19:Infinity:undefined:undefined:undefined:undefined":1,"s:17:2:19:Infinity":6,"s:18:4:18:Infinity":7,"s:20:2:20:Infinity":8,"s:24:0:41:Infinity":9,"f:24:26:24:Infinity":2,"s:25:16:25:Infinity":10,"f:25:16:25:Infinity":3,"b:27:4:38:Infinity:undefined:undefined:undefined:undefined":2,"s:27:4:38:Infinity":11,"b:28:6:37:Infinity:30:13:37:Infinity":3,"s:28:6:37:Infinity":12,"s:29:8:29:Infinity":13,"s:32:8:35:Infinity":14,"s:33:10:33:Infinity":15,"s:34:10:34:Infinity":16,"s:36:8:36:Infinity":17,"s:39:4:39:Infinity":18}}}
,"/home/gtr/work/maciasoft/Controlador Pesaje/codigo/frontend/src/api/etapas.ts": {"path":"/home/gtr/work/maciasoft/Controlador Pesaje/codigo/frontend/src/api/etapas.ts","statementMap":{"0":{"start":{"line":17,"column":25},"end":{"line":20,"column":null}},"1":{"start":{"line":18,"column":19},"end":{"line":18,"column":null}},"2":{"start":{"line":19,"column":2},"end":{"line":19,"column":null}},"3":{"start":{"line":22,"column":34},"end":{"line":25,"column":null}},"4":{"start":{"line":23,"column":19},"end":{"line":23,"column":null}},"5":{"start":{"line":24,"column":2},"end":{"line":24,"column":null}},"6":{"start":{"line":27,"column":24},"end":{"line":30,"column":null}},"7":{"start":{"line":28,"column":19},"end":{"line":28,"column":null}},"8":{"start":{"line":29,"column":2},"end":{"line":29,"column":null}},"9":{"start":{"line":32,"column":27},"end":{"line":35,"column":null}},"10":{"start":{"line":33,"column":19},"end":{"line":33,"column":null}},"11":{"start":{"line":34,"column":2},"end":{"line":34,"column":null}},"12":{"start":{"line":37,"column":27},"end":{"line":40,"column":null}},"13":{"start":{"line":38,"column":19},"end":{"line":38,"column":null}},"14":{"start":{"line":39,"column":2},"end":{"line":39,"column":null}},"15":{"start":{"line":42,"column":27},"end":{"line":44,"column":null}},"16":{"start":{"line":43,"column":2},"end":{"line":43,"column":null}}},"fnMap":{"0":{"name":"(anonymous_0)","decl":{"start":{"line":17,"column":25},"end":{"line":17,"column":55}},"loc":{"start":{"line":17,"column":55},"end":{"line":20,"column":null}},"line":17},"1":{"name":"(anonymous_1)","decl":{"start":{"line":22,"column":34},"end":{"line":22,"column":64}},"loc":{"start":{"line":22,"column":64},"end":{"line":25,"column":null}},"line":22},"2":{"name":"(anonymous_2)","decl":{"start":{"line":27,"column":24},"end":{"line":27,"column":31}},"loc":{"start":{"line":27,"column":62},"end":{"line":30,"column":null}},"line":27},"3":{"name":"(anonymous_3)","decl":{"start":{"line":32,"column":27},"end":{"line":32,"column":34}},"loc":{"start":{"line":32,"column":73},"end":{"line":35,"column":null}},"line":32},"4":{"name":"(anonymous_4)","decl":{"start":{"line":37,"column":27},"end":{"line":37,"column":34}},"loc":{"start":{"line":37,"column":88},"end":{"line":40,"column":null}},"line":37},"5":{"name":"(anonymous_5)","decl":{"start":{"line":42,"column":27},"end":{"line":42,"column":34}},"loc":{"start":{"line":42,"column":64},"end":{"line":44,"column":null}},"line":42}},"branchMap":{},"s":{"0":2,"1":10,"2":10,"3":2,"4":10,"5":10,"6":2,"7":0,"8":0,"9":2,"10":0,"11":0,"12":2,"13":3,"14":3,"15":2,"16":0},"f":{"0":10,"1":10,"2":0,"3":0,"4":3,"5":0},"b":{},"meta":{"lastBranch":0,"lastFunction":6,"lastStatement":17,"seen":{"s:17:25:20:Infinity":0,"f:17:25:17:55":0,"s:18:19:18:Infinity":1,"s:19:2:19:Infinity":2,"s:22:34:25:Infinity":3,"f:22:34:22:64":1,"s:23:19:23:Infinity":4,"s:24:2:24:Infinity":5,"s:27:24:30:Infinity":6,"f:27:24:27:31":2,"s:28:19:28:Infinity":7,"s:29:2:29:Infinity":8,"s:32:27:35:Infinity":9,"f:32:27:32:34":3,"s:33:19:33:Infinity":10,"s:34:2:34:Infinity":11,"s:37:27:40:Infinity":12,"f:37:27:37:34":4,"s:38:19:38:Infinity":13,"s:39:2:39:Infinity":14,"s:42:27:44:Infinity":15,"f:42:27:42:34":5,"s:43:2:43:Infinity":16}}}
,"/home/gtr/work/maciasoft/Controlador Pesaje/codigo/frontend/src/api/lineas.ts": {"path":"/home/gtr/work/maciasoft/Controlador Pesaje/codigo/frontend/src/api/lineas.ts","statementMap":{"0":{"start":{"line":20,"column":25},"end":{"line":23,"column":null}},"1":{"start":{"line":21,"column":19},"end":{"line":21,"column":null}},"2":{"start":{"line":22,"column":2},"end":{"line":22,"column":null}},"3":{"start":{"line":25,"column":34},"end":{"line":28,"column":null}},"4":{"start":{"line":26,"column":19},"end":{"line":26,"column":null}},"5":{"start":{"line":27,"column":2},"end":{"line":27,"column":null}},"6":{"start":{"line":30,"column":24},"end":{"line":33,"column":null}},"7":{"start":{"line":31,"column":19},"end":{"line":31,"column":null}},"8":{"start":{"line":32,"column":2},"end":{"line":32,"column":null}},"9":{"start":{"line":35,"column":27},"end":{"line":38,"column":null}},"10":{"start":{"line":36,"column":19},"end":{"line":36,"column":null}},"11":{"start":{"line":37,"column":2},"end":{"line":37,"column":null}},"12":{"start":{"line":40,"column":27},"end":{"line":43,"column":null}},"13":{"start":{"line":41,"column":19},"end":{"line":41,"column":null}},"14":{"start":{"line":42,"column":2},"end":{"line":42,"column":null}},"15":{"start":{"line":45,"column":27},"end":{"line":47,"column":null}},"16":{"start":{"line":46,"column":2},"end":{"line":46,"column":null}}},"fnMap":{"0":{"name":"(anonymous_0)","decl":{"start":{"line":20,"column":25},"end":{"line":20,"column":55}},"loc":{"start":{"line":20,"column":55},"end":{"line":23,"column":null}},"line":20},"1":{"name":"(anonymous_1)","decl":{"start":{"line":25,"column":34},"end":{"line":25,"column":64}},"loc":{"start":{"line":25,"column":64},"end":{"line":28,"column":null}},"line":25},"2":{"name":"(anonymous_2)","decl":{"start":{"line":30,"column":24},"end":{"line":30,"column":31}},"loc":{"start":{"line":30,"column":62},"end":{"line":33,"column":null}},"line":30},"3":{"name":"(anonymous_3)","decl":{"start":{"line":35,"column":27},"end":{"line":35,"column":34}},"loc":{"start":{"line":35,"column":73},"end":{"line":38,"column":null}},"line":35},"4":{"name":"(anonymous_4)","decl":{"start":{"line":40,"column":27},"end":{"line":40,"column":34}},"loc":{"start":{"line":40,"column":94},"end":{"line":43,"column":null}},"line":40},"5":{"name":"(anonymous_5)","decl":{"start":{"line":45,"column":27},"end":{"line":45,"column":34}},"loc":{"start":{"line":45,"column":64},"end":{"line":47,"column":null}},"line":45}},"branchMap":{},"s":{"0":1,"1":0,"2":0,"3":1,"4":0,"5":0,"6":1,"7":0,"8":0,"9":1,"10":0,"11":0,"12":1,"13":0,"14":0,"15":1,"16":0},"f":{"0":0,"1":0,"2":0,"3":0,"4":0,"5":0},"b":{},"meta":{"lastBranch":0,"lastFunction":6,"lastStatement":17,"seen":{"s:20:25:23:Infinity":0,"f:20:25:20:55":0,"s:21:19:21:Infinity":1,"s:22:2:22:Infinity":2,"s:25:34:28:Infinity":3,"f:25:34:25:64":1,"s:26:19:26:Infinity":4,"s:27:2:27:Infinity":5,"s:30:24:33:Infinity":6,"f:30:24:30:31":2,"s:31:19:31:Infinity":7,"s:32:2:32:Infinity":8,"s:35:27:38:Infinity":9,"f:35:27:35:34":3,"s:36:19:36:Infinity":10,"s:37:2:37:Infinity":11,"s:40:27:43:Infinity":12,"f:40:27:40:34":4,"s:41:19:41:Infinity":13,"s:42:2:42:Infinity":14,"s:45:27:47:Infinity":15,"f:45:27:45:34":5,"s:46:2:46:Infinity":16}}}
,"/home/gtr/work/maciasoft/Controlador Pesaje/codigo/frontend/src/api/rutas.ts": {"path":"/home/gtr/work/maciasoft/Controlador Pesaje/codigo/frontend/src/api/rutas.ts","statementMap":{"0":{"start":{"line":17,"column":24},"end":{"line":20,"column":null}},"1":{"start":{"line":18,"column":19},"end":{"line":18,"column":null}},"2":{"start":{"line":19,"column":2},"end":{"line":19,"column":null}},"3":{"start":{"line":22,"column":33},"end":{"line":25,"column":null}},"4":{"start":{"line":23,"column":19},"end":{"line":23,"column":null}},"5":{"start":{"line":24,"column":2},"end":{"line":24,"column":null}},"6":{"start":{"line":27,"column":23},"end":{"line":30,"column":null}},"7":{"start":{"line":28,"column":19},"end":{"line":28,"column":null}},"8":{"start":{"line":29,"column":2},"end":{"line":29,"column":null}},"9":{"start":{"line":32,"column":26},"end":{"line":35,"column":null}},"10":{"start":{"line":33,"column":19},"end":{"line":33,"column":null}},"11":{"start":{"line":34,"column":2},"end":{"line":34,"column":null}},"12":{"start":{"line":37,"column":26},"end":{"line":40,"column":null}},"13":{"start":{"line":38,"column":19},"end":{"line":38,"column":null}},"14":{"start":{"line":39,"column":2},"end":{"line":39,"column":null}},"15":{"start":{"line":42,"column":26},"end":{"line":44,"column":null}},"16":{"start":{"line":43,"column":2},"end":{"line":43,"column":null}}},"fnMap":{"0":{"name":"(anonymous_0)","decl":{"start":{"line":17,"column":24},"end":{"line":17,"column":53}},"loc":{"start":{"line":17,"column":53},"end":{"line":20,"column":null}},"line":17},"1":{"name":"(anonymous_1)","decl":{"start":{"line":22,"column":33},"end":{"line":22,"column":62}},"loc":{"start":{"line":22,"column":62},"end":{"line":25,"column":null}},"line":22},"2":{"name":"(anonymous_2)","decl":{"start":{"line":27,"column":23},"end":{"line":27,"column":30}},"loc":{"start":{"line":27,"column":60},"end":{"line":30,"column":null}},"line":27},"3":{"name":"(anonymous_3)","decl":{"start":{"line":32,"column":26},"end":{"line":32,"column":33}},"loc":{"start":{"line":32,"column":69},"end":{"line":35,"column":null}},"line":32},"4":{"name":"(anonymous_4)","decl":{"start":{"line":37,"column":26},"end":{"line":37,"column":33}},"loc":{"start":{"line":37,"column":84},"end":{"line":40,"column":null}},"line":37},"5":{"name":"(anonymous_5)","decl":{"start":{"line":42,"column":26},"end":{"line":42,"column":33}},"loc":{"start":{"line":42,"column":63},"end":{"line":44,"column":null}},"line":42}},"branchMap":{},"s":{"0":1,"1":0,"2":0,"3":1,"4":0,"5":0,"6":1,"7":0,"8":0,"9":1,"10":0,"11":0,"12":1,"13":0,"14":0,"15":1,"16":0},"f":{"0":0,"1":0,"2":0,"3":0,"4":0,"5":0},"b":{},"meta":{"lastBranch":0,"lastFunction":6,"lastStatement":17,"seen":{"s:17:24:20:Infinity":0,"f:17:24:17:53":0,"s:18:19:18:Infinity":1,"s:19:2:19:Infinity":2,"s:22:33:25:Infinity":3,"f:22:33:22:62":1,"s:23:19:23:Infinity":4,"s:24:2:24:Infinity":5,"s:27:23:30:Infinity":6,"f:27:23:27:30":2,"s:28:19:28:Infinity":7,"s:29:2:29:Infinity":8,"s:32:26:35:Infinity":9,"f:32:26:32:33":3,"s:33:19:33:Infinity":10,"s:34:2:34:Infinity":11,"s:37:26:40:Infinity":12,"f:37:26:37:33":4,"s:38:19:38:Infinity":13,"s:39:2:39:Infinity":14,"s:42:26:44:Infinity":15,"f:42:26:42:33":5,"s:43:2:43:Infinity":16}}}
,"/home/gtr/work/maciasoft/Controlador Pesaje/codigo/frontend/src/api/usuarios.ts": {"path":"/home/gtr/work/maciasoft/Controlador Pesaje/codigo/frontend/src/api/usuarios.ts","statementMap":{"0":{"start":{"line":19,"column":27},"end":{"line":22,"column":null}},"1":{"start":{"line":20,"column":19},"end":{"line":20,"column":null}},"2":{"start":{"line":21,"column":2},"end":{"line":21,"column":null}},"3":{"start":{"line":24,"column":36},"end":{"line":27,"column":null}},"4":{"start":{"line":25,"column":19},"end":{"line":25,"column":null}},"5":{"start":{"line":26,"column":2},"end":{"line":26,"column":null}},"6":{"start":{"line":29,"column":26},"end":{"line":32,"column":null}},"7":{"start":{"line":30,"column":19},"end":{"line":30,"column":null}},"8":{"start":{"line":31,"column":2},"end":{"line":31,"column":null}},"9":{"start":{"line":34,"column":29},"end":{"line":37,"column":null}},"10":{"start":{"line":35,"column":19},"end":{"line":35,"column":null}},"11":{"start":{"line":36,"column":2},"end":{"line":36,"column":null}},"12":{"start":{"line":39,"column":29},"end":{"line":42,"column":null}},"13":{"start":{"line":40,"column":19},"end":{"line":40,"column":null}},"14":{"start":{"line":41,"column":2},"end":{"line":41,"column":null}},"15":{"start":{"line":44,"column":29},"end":{"line":46,"column":null}},"16":{"start":{"line":45,"column":2},"end":{"line":45,"column":null}}},"fnMap":{"0":{"name":"(anonymous_0)","decl":{"start":{"line":19,"column":27},"end":{"line":19,"column":59}},"loc":{"start":{"line":19,"column":59},"end":{"line":22,"column":null}},"line":19},"1":{"name":"(anonymous_1)","decl":{"start":{"line":24,"column":36},"end":{"line":24,"column":68}},"loc":{"start":{"line":24,"column":68},"end":{"line":27,"column":null}},"line":24},"2":{"name":"(anonymous_2)","decl":{"start":{"line":29,"column":26},"end":{"line":29,"column":33}},"loc":{"start":{"line":29,"column":66},"end":{"line":32,"column":null}},"line":29},"3":{"name":"(anonymous_3)","decl":{"start":{"line":34,"column":29},"end":{"line":34,"column":36}},"loc":{"start":{"line":34,"column":81},"end":{"line":37,"column":null}},"line":34},"4":{"name":"(anonymous_4)","decl":{"start":{"line":39,"column":29},"end":{"line":39,"column":36}},"loc":{"start":{"line":39,"column":102},"end":{"line":42,"column":null}},"line":39},"5":{"name":"(anonymous_5)","decl":{"start":{"line":44,"column":29},"end":{"line":44,"column":36}},"loc":{"start":{"line":44,"column":66},"end":{"line":46,"column":null}},"line":44}},"branchMap":{},"s":{"0":2,"1":17,"2":16,"3":2,"4":17,"5":17,"6":2,"7":0,"8":0,"9":2,"10":1,"11":1,"12":2,"13":2,"14":2,"15":2,"16":0},"f":{"0":17,"1":17,"2":0,"3":1,"4":2,"5":0},"b":{},"meta":{"lastBranch":0,"lastFunction":6,"lastStatement":17,"seen":{"s:19:27:22:Infinity":0,"f:19:27:19:59":0,"s:20:19:20:Infinity":1,"s:21:2:21:Infinity":2,"s:24:36:27:Infinity":3,"f:24:36:24:68":1,"s:25:19:25:Infinity":4,"s:26:2:26:Infinity":5,"s:29:26:32:Infinity":6,"f:29:26:29:33":2,"s:30:19:30:Infinity":7,"s:31:2:31:Infinity":8,"s:34:29:37:Infinity":9,"f:34:29:34:36":3,"s:35:19:35:Infinity":10,"s:36:2:36:Infinity":11,"s:39:29:42:Infinity":12,"f:39:29:39:36":4,"s:40:19:40:Infinity":13,"s:41:2:41:Infinity":14,"s:44:29:46:Infinity":15,"f:44:29:44:36":5,"s:45:2:45:Infinity":16}}}
,"/home/gtr/work/maciasoft/Controlador Pesaje/codigo/frontend/src/components/SearchToolbar.tsx": {"path":"/home/gtr/work/maciasoft/Controlador Pesaje/codigo/frontend/src/components/SearchToolbar.tsx","statementMap":{"0":{"start":{"line":22,"column":2},"end":{"line":51,"column":null}},"1":{"start":{"line":27,"column":25},"end":{"line":27,"column":null}},"2":{"start":{"line":36,"column":25},"end":{"line":36,"column":null}},"3":{"start":{"line":39,"column":10},"end":{"line":41,"column":null}},"4":{"start":{"line":49,"column":25},"end":{"line":49,"column":null}}},"fnMap":{"0":{"name":"SearchToolbar","decl":{"start":{"line":13,"column":16},"end":{"line":13,"column":30}},"loc":{"start":{"line":21,"column":23},"end":{"line":53,"column":null}},"line":21},"1":{"name":"(anonymous_1)","decl":{"start":{"line":27,"column":8},"end":{"line":27,"column":19}},"loc":{"start":{"line":27,"column":25},"end":{"line":27,"column":null}},"line":27},"2":{"name":"(anonymous_2)","decl":{"start":{"line":36,"column":8},"end":{"line":36,"column":19}},"loc":{"start":{"line":36,"column":25},"end":{"line":36,"column":null}},"line":36},"3":{"name":"(anonymous_3)","decl":{"start":{"line":38,"column":16},"end":{"line":38,"column":21}},"loc":{"start":{"line":39,"column":10},"end":{"line":41,"column":null}},"line":39},"4":{"name":"(anonymous_4)","decl":{"start":{"line":49,"column":8},"end":{"line":49,"column":19}},"loc":{"start":{"line":49,"column":25},"end":{"line":49,"column":null}},"line":49}},"branchMap":{},"s":{"0":62,"1":9,"2":1,"3":154,"4":12},"f":{"0":62,"1":9,"2":1,"3":154,"4":12},"b":{},"meta":{"lastBranch":0,"lastFunction":5,"lastStatement":5,"seen":{"f:13:16:13:30":0,"s:22:2:51:Infinity":0,"f:27:8:27:19":1,"s:27:25:27:Infinity":1,"f:36:8:36:19":2,"s:36:25:36:Infinity":2,"f:38:16:38:21":3,"s:39:10:41:Infinity":3,"f:49:8:49:19":4,"s:49:25:49:Infinity":4}}}
,"/home/gtr/work/maciasoft/Controlador Pesaje/codigo/frontend/src/components/ui/Sidebar.tsx": {"path":"/home/gtr/work/maciasoft/Controlador Pesaje/codigo/frontend/src/components/ui/Sidebar.tsx","statementMap":{"0":{"start":{"line":14,"column":13},"end":{"line":133,"column":null}},"1":{"start":{"line":15,"column":16},"end":{"line":15,"column":null}},"2":{"start":{"line":16,"column":8},"end":{"line":16,"column":null}},"3":{"start":{"line":17,"column":8},"end":{"line":17,"column":null}},"4":{"start":{"line":19,"column":24},"end":{"line":22,"column":null}},"5":{"start":{"line":20,"column":4},"end":{"line":21,"column":null}},"6":{"start":{"line":21,"column":20},"end":{"line":21,"column":52}},"7":{"start":{"line":24,"column":8},"end":{"line":27,"column":null}},"8":{"start":{"line":25,"column":4},"end":{"line":25,"column":null}},"9":{"start":{"line":26,"column":4},"end":{"line":26,"column":null}},"10":{"start":{"line":29,"column":14},"end":{"line":29,"column":null}},"11":{"start":{"line":30,"column":18},"end":{"line":30,"column":null}},"12":{"start":{"line":31,"column":17},"end":{"line":31,"column":null}},"13":{"start":{"line":32,"column":26},"end":{"line":32,"column":null}},"14":{"start":{"line":34,"column":8},"end":{"line":38,"column":null}},"15":{"start":{"line":35,"column":4},"end":{"line":38,"column":null}},"16":{"start":{"line":41,"column":8},"end":{"line":45,"column":null}},"17":{"start":{"line":42,"column":4},"end":{"line":44,"column":null}},"18":{"start":{"line":43,"column":6},"end":{"line":43,"column":null}},"19":{"start":{"line":47,"column":2},"end":{"line":131,"column":null}},"20":{"start":{"line":69,"column":29},"end":{"line":69,"column":null}}},"fnMap":{"0":{"name":"(anonymous_0)","decl":{"start":{"line":14,"column":13},"end":{"line":14,"column":48}},"loc":{"start":{"line":14,"column":67},"end":{"line":133,"column":null}},"line":14},"1":{"name":"(anonymous_1)","decl":{"start":{"line":19,"column":44},"end":{"line":19,"column":59}},"loc":{"start":{"line":19,"column":59},"end":{"line":22,"column":3}},"line":19},"2":{"name":"(anonymous_2)","decl":{"start":{"line":21,"column":7},"end":{"line":21,"column":12}},"loc":{"start":{"line":21,"column":20},"end":{"line":21,"column":52}},"line":21},"3":{"name":"(anonymous_3)","decl":{"start":{"line":24,"column":8},"end":{"line":24,"column":29}},"loc":{"start":{"line":24,"column":29},"end":{"line":27,"column":null}},"line":24},"4":{"name":"(anonymous_4)","decl":{"start":{"line":34,"column":8},"end":{"line":34,"column":20}},"loc":{"start":{"line":35,"column":4},"end":{"line":38,"column":null}},"line":35},"5":{"name":"(anonymous_5)","decl":{"start":{"line":41,"column":8},"end":{"line":41,"column":32}},"loc":{"start":{"line":41,"column":32},"end":{"line":45,"column":null}},"line":41},"6":{"name":"(anonymous_6)","decl":{"start":{"line":69,"column":14},"end":{"line":69,"column":29}},"loc":{"start":{"line":69,"column":29},"end":{"line":69,"column":null}},"line":69}},"branchMap":{"0":{"loc":{"start":{"line":31,"column":17},"end":{"line":31,"column":null}},"type":"binary-expr","locations":[{"start":{"line":31,"column":17},"end":{"line":31,"column":44}},{"start":{"line":31,"column":44},"end":{"line":31,"column":null}}],"line":31},"1":{"loc":{"start":{"line":36,"column":6},"end":{"line":38,"column":null}},"type":"cond-expr","locations":[{"start":{"line":37,"column":10},"end":{"line":37,"column":null}},{"start":{"line":38,"column":10},"end":{"line":38,"column":null}}],"line":36},"2":{"loc":{"start":{"line":42,"column":4},"end":{"line":44,"column":null}},"type":"if","locations":[{"start":{"line":42,"column":4},"end":{"line":44,"column":null}},{"start":{},"end":{}}],"line":42},"3":{"loc":{"start":{"line":59,"column":9},"end":{"line":63,"column":null}},"type":"binary-expr","locations":[{"start":{"line":59,"column":9},"end":{"line":59,"column":null}},{"start":{"line":60,"column":10},"end":{"line":63,"column":null}}],"line":59},"4":{"loc":{"start":{"line":66,"column":9},"end":{"line":105,"column":null}},"type":"binary-expr","locations":[{"start":{"line":66,"column":9},"end":{"line":66,"column":null}},{"start":{"line":67,"column":10},"end":{"line":105,"column":null}}],"line":66},"5":{"loc":{"start":{"line":76,"column":15},"end":{"line":77,"column":null}},"type":"cond-expr","locations":[{"start":{"line":76,"column":31},"end":{"line":76,"column":70}},{"start":{"line":76,"column":69},"end":{"line":77,"column":null}}],"line":76},"6":{"loc":{"start":{"line":79,"column":13},"end":{"line":105,"column":null}},"type":"binary-expr","locations":[{"start":{"line":79,"column":13},"end":{"line":79,"column":null}},{"start":{"line":80,"column":14},"end":{"line":105,"column":null}}],"line":79},"7":{"loc":{"start":{"line":97,"column":17},"end":{"line":101,"column":null}},"type":"binary-expr","locations":[{"start":{"line":97,"column":17},"end":{"line":97,"column":null}},{"start":{"line":98,"column":18},"end":{"line":101,"column":null}}],"line":97},"8":{"loc":{"start":{"line":108,"column":9},"end":{"line":112,"column":null}},"type":"binary-expr","locations":[{"start":{"line":108,"column":9},"end":{"line":108,"column":null}},{"start":{"line":109,"column":10},"end":{"line":112,"column":null}}],"line":108}},"s":{"0":2,"1":22,"2":22,"3":22,"4":22,"5":15,"6":67,"7":22,"8":0,"9":0,"10":22,"11":22,"12":22,"13":22,"14":22,"15":84,"16":22,"17":3,"18":3,"19":22,"20":3},"f":{"0":22,"1":15,"2":67,"3":0,"4":84,"5":3,"6":3},"b":{"0":[22,13],"1":[22,62],"2":[3,0],"3":[22,20],"4":[22,20],"5":[5,15],"6":[20,5],"7":[5,2],"8":[22,20]},"meta":{"lastBranch":9,"lastFunction":7,"lastStatement":21,"seen":{"s:14:13:133:Infinity":0,"f:14:13:14:48":0,"s:15:16:15:Infinity":1,"s:16:8:16:Infinity":2,"s:17:8:17:Infinity":3,"s:19:24:22:Infinity":4,"f:19:44:19:59":1,"s:20:4:21:Infinity":5,"f:21:7:21:12":2,"s:21:20:21:52":6,"s:24:8:27:Infinity":7,"f:24:8:24:29":3,"s:25:4:25:Infinity":8,"s:26:4:26:Infinity":9,"s:29:14:29:Infinity":10,"s:30:18:30:Infinity":11,"s:31:17:31:Infinity":12,"b:31:17:31:44:31:44:31:Infinity":0,"s:32:26:32:Infinity":13,"s:34:8:38:Infinity":14,"f:34:8:34:20":4,"s:35:4:38:Infinity":15,"b:37:10:37:Infinity:38:10:38:Infinity":1,"s:41:8:45:Infinity":16,"f:41:8:41:32":5,"b:42:4:44:Infinity:undefined:undefined:undefined:undefined":2,"s:42:4:44:Infinity":17,"s:43:6:43:Infinity":18,"s:47:2:131:Infinity":19,"b:59:9:59:Infinity:60:10:63:Infinity":3,"b:66:9:66:Infinity:67:10:105:Infinity":4,"f:69:14:69:29":6,"s:69:29:69:Infinity":20,"b:76:31:76:70:76:69:77:Infinity":5,"b:79:13:79:Infinity:80:14:105:Infinity":6,"b:97:17:97:Infinity:98:18:101:Infinity":7,"b:108:9:108:Infinity:109:10:112:Infinity":8}}}
,"/home/gtr/work/maciasoft/Controlador Pesaje/codigo/frontend/src/features/auth/context/AuthContext.tsx": {"path":"/home/gtr/work/maciasoft/Controlador Pesaje/codigo/frontend/src/features/auth/context/AuthContext.tsx","statementMap":{"0":{"start":{"line":20,"column":13},"end":{"line":20,"column":null}},"1":{"start":{"line":22,"column":13},"end":{"line":115,"column":null}},"2":{"start":{"line":23,"column":16},"end":{"line":25,"column":null}},"3":{"start":{"line":24,"column":4},"end":{"line":24,"column":null}},"4":{"start":{"line":24,"column":10},"end":{"line":24,"column":47}},"5":{"start":{"line":24,"column":57},"end":{"line":24,"column":70}},"6":{"start":{"line":27,"column":15},"end":{"line":42,"column":null}},"7":{"start":{"line":28,"column":4},"end":{"line":41,"column":null}},"8":{"start":{"line":29,"column":23},"end":{"line":29,"column":null}},"9":{"start":{"line":30,"column":6},"end":{"line":30,"column":null}},"10":{"start":{"line":30,"column":21},"end":{"line":30,"column":null}},"11":{"start":{"line":31,"column":22},"end":{"line":31,"column":null}},"12":{"start":{"line":32,"column":6},"end":{"line":38,"column":null}},"13":{"start":{"line":40,"column":6},"end":{"line":40,"column":null}},"14":{"start":{"line":44,"column":24},"end":{"line":51,"column":null}},"15":{"start":{"line":45,"column":4},"end":{"line":50,"column":null}},"16":{"start":{"line":46,"column":21},"end":{"line":46,"column":null}},"17":{"start":{"line":47,"column":6},"end":{"line":47,"column":null}},"18":{"start":{"line":49,"column":6},"end":{"line":49,"column":null}},"19":{"start":{"line":53,"column":8},"end":{"line":62,"column":null}},"20":{"start":{"line":54,"column":4},"end":{"line":54,"column":null}},"21":{"start":{"line":55,"column":4},"end":{"line":55,"column":null}},"22":{"start":{"line":56,"column":4},"end":{"line":56,"column":null}},"23":{"start":{"line":57,"column":4},"end":{"line":60,"column":null}},"24":{"start":{"line":58,"column":6},"end":{"line":58,"column":null}},"25":{"start":{"line":59,"column":6},"end":{"line":59,"column":null}},"26":{"start":{"line":61,"column":4},"end":{"line":61,"column":null}},"27":{"start":{"line":64,"column":2},"end":{"line":66,"column":null}},"28":{"start":{"line":65,"column":4},"end":{"line":65,"column":null}},"29":{"start":{"line":68,"column":8},"end":{"line":77,"column":null}},"30":{"start":{"line":69,"column":4},"end":{"line":69,"column":null}},"31":{"start":{"line":70,"column":4},"end":{"line":70,"column":null}},"32":{"start":{"line":71,"column":4},"end":{"line":71,"column":null}},"33":{"start":{"line":72,"column":4},"end":{"line":76,"column":null}},"34":{"start":{"line":73,"column":6},"end":{"line":73,"column":null}},"35":{"start":{"line":74,"column":22},"end":{"line":74,"column":null}},"36":{"start":{"line":75,"column":6},"end":{"line":75,"column":null}},"37":{"start":{"line":79,"column":8},"end":{"line":84,"column":null}},"38":{"start":{"line":80,"column":4},"end":{"line":80,"column":null}},"39":{"start":{"line":81,"column":4},"end":{"line":83,"column":null}},"40":{"start":{"line":82,"column":6},"end":{"line":82,"column":null}},"41":{"start":{"line":86,"column":8},"end":{"line":97,"column":null}},"42":{"start":{"line":87,"column":4},"end":{"line":92,"column":null}},"43":{"start":{"line":88,"column":6},"end":{"line":88,"column":null}},"44":{"start":{"line":88,"column":25},"end":{"line":88,"column":null}},"45":{"start":{"line":90,"column":6},"end":{"line":90,"column":null}},"46":{"start":{"line":93,"column":4},"end":{"line":93,"column":null}},"47":{"start":{"line":94,"column":4},"end":{"line":96,"column":null}},"48":{"start":{"line":95,"column":6},"end":{"line":95,"column":null}},"49":{"start":{"line":99,"column":2},"end":{"line":113,"column":null}},"50":{"start":{"line":118,"column":13},"end":{"line":124,"column":null}},"51":{"start":{"line":119,"column":8},"end":{"line":119,"column":null}},"52":{"start":{"line":120,"column":2},"end":{"line":122,"column":null}},"53":{"start":{"line":121,"column":4},"end":{"line":121,"column":null}},"54":{"start":{"line":123,"column":2},"end":{"line":123,"column":null}}},"fnMap":{"0":{"name":"(anonymous_0)","decl":{"start":{"line":22,"column":13},"end":{"line":22,"column":64}},"loc":{"start":{"line":22,"column":81},"end":{"line":115,"column":null}},"line":22},"1":{"name":"(anonymous_1)","decl":{"start":{"line":23,"column":28},"end":{"line":23,"column":58}},"loc":{"start":{"line":23,"column":58},"end":{"line":25,"column":3}},"line":23},"2":{"name":"(anonymous_2)","decl":{"start":{"line":27,"column":26},"end":{"line":27,"column":54}},"loc":{"start":{"line":27,"column":54},"end":{"line":42,"column":3}},"line":27},"3":{"name":"(anonymous_3)","decl":{"start":{"line":44,"column":44},"end":{"line":44,"column":74}},"loc":{"start":{"line":44,"column":74},"end":{"line":51,"column":3}},"line":44},"4":{"name":"(anonymous_4)","decl":{"start":{"line":53,"column":17},"end":{"line":53,"column":35}},"loc":{"start":{"line":53,"column":35},"end":{"line":62,"column":5}},"line":53},"5":{"name":"(anonymous_5)","decl":{"start":{"line":64,"column":2},"end":{"line":64,"column":18}},"loc":{"start":{"line":64,"column":18},"end":{"line":66,"column":5}},"line":64},"6":{"name":"(anonymous_6)","decl":{"start":{"line":68,"column":16},"end":{"line":68,"column":29}},"loc":{"start":{"line":68,"column":52},"end":{"line":77,"column":5}},"line":68},"7":{"name":"(anonymous_7)","decl":{"start":{"line":79,"column":26},"end":{"line":79,"column":39}},"loc":{"start":{"line":79,"column":59},"end":{"line":84,"column":5}},"line":79},"8":{"name":"(anonymous_8)","decl":{"start":{"line":86,"column":39},"end":{"line":86,"column":51}},"loc":{"start":{"line":86,"column":51},"end":{"line":97,"column":5}},"line":86},"9":{"name":"(anonymous_9)","decl":{"start":{"line":118,"column":13},"end":{"line":118,"column":29}},"loc":{"start":{"line":118,"column":29},"end":{"line":124,"column":null}},"line":118}},"branchMap":{"0":{"loc":{"start":{"line":24,"column":17},"end":{"line":24,"column":47}},"type":"binary-expr","locations":[{"start":{"line":24,"column":17},"end":{"line":24,"column":41}},{"start":{"line":24,"column":41},"end":{"line":24,"column":47}}],"line":24},"1":{"loc":{"start":{"line":30,"column":6},"end":{"line":30,"column":null}},"type":"if","locations":[{"start":{"line":30,"column":6},"end":{"line":30,"column":null}},{"start":{},"end":{}}],"line":30},"2":{"loc":{"start":{"line":47,"column":13},"end":{"line":47,"column":null}},"type":"cond-expr","locations":[{"start":{"line":47,"column":22},"end":{"line":47,"column":45}},{"start":{"line":47,"column":45},"end":{"line":47,"column":null}}],"line":47},"3":{"loc":{"start":{"line":88,"column":6},"end":{"line":88,"column":null}},"type":"if","locations":[{"start":{"line":88,"column":6},"end":{"line":88,"column":null}},{"start":{},"end":{}}],"line":88},"4":{"loc":{"start":{"line":120,"column":2},"end":{"line":122,"column":null}},"type":"if","locations":[{"start":{"line":120,"column":2},"end":{"line":122,"column":null}},{"start":{},"end":{}}],"line":120}},"s":{"0":10,"1":10,"2":20,"3":11,"4":11,"5":0,"6":20,"7":11,"8":11,"9":11,"10":11,"11":0,"12":0,"13":0,"14":20,"15":11,"16":11,"17":11,"18":6,"19":20,"20":1,"21":1,"22":1,"23":1,"24":1,"25":1,"26":1,"27":20,"28":11,"29":20,"30":5,"31":5,"32":5,"33":5,"34":5,"35":5,"36":5,"37":20,"38":3,"39":3,"40":3,"41":20,"42":1,"43":1,"44":1,"45":0,"46":1,"47":1,"48":1,"49":20,"50":10,"51":125,"52":125,"53":0,"54":125},"f":{"0":20,"1":11,"2":11,"3":11,"4":1,"5":11,"6":5,"7":3,"8":1,"9":125},"b":{"0":[11,11],"1":[11,0],"2":[0,5],"3":[1,0],"4":[0,125]},"meta":{"lastBranch":5,"lastFunction":10,"lastStatement":55,"seen":{"s:20:13:20:Infinity":0,"s:22:13:115:Infinity":1,"f:22:13:22:64":0,"s:23:16:25:Infinity":2,"f:23:28:23:58":1,"s:24:4:24:Infinity":3,"s:24:10:24:47":4,"b:24:17:24:41:24:41:24:47":0,"s:24:57:24:70":5,"s:27:15:42:Infinity":6,"f:27:26:27:54":2,"s:28:4:41:Infinity":7,"s:29:23:29:Infinity":8,"b:30:6:30:Infinity:undefined:undefined:undefined:undefined":1,"s:30:6:30:Infinity":9,"s:30:21:30:Infinity":10,"s:31:22:31:Infinity":11,"s:32:6:38:Infinity":12,"s:40:6:40:Infinity":13,"s:44:24:51:Infinity":14,"f:44:44:44:74":3,"s:45:4:50:Infinity":15,"s:46:21:46:Infinity":16,"s:47:6:47:Infinity":17,"b:47:22:47:45:47:45:47:Infinity":2,"s:49:6:49:Infinity":18,"s:53:8:62:Infinity":19,"f:53:17:53:35":4,"s:54:4:54:Infinity":20,"s:55:4:55:Infinity":21,"s:56:4:56:Infinity":22,"s:57:4:60:Infinity":23,"s:58:6:58:Infinity":24,"s:59:6:59:Infinity":25,"s:61:4:61:Infinity":26,"s:64:2:66:Infinity":27,"f:64:2:64:18":5,"s:65:4:65:Infinity":28,"s:68:8:77:Infinity":29,"f:68:16:68:29":6,"s:69:4:69:Infinity":30,"s:70:4:70:Infinity":31,"s:71:4:71:Infinity":32,"s:72:4:76:Infinity":33,"s:73:6:73:Infinity":34,"s:74:22:74:Infinity":35,"s:75:6:75:Infinity":36,"s:79:8:84:Infinity":37,"f:79:26:79:39":7,"s:80:4:80:Infinity":38,"s:81:4:83:Infinity":39,"s:82:6:82:Infinity":40,"s:86:8:97:Infinity":41,"f:86:39:86:51":8,"s:87:4:92:Infinity":42,"b:88:6:88:Infinity:undefined:undefined:undefined:undefined":3,"s:88:6:88:Infinity":43,"s:88:25:88:Infinity":44,"s:90:6:90:Infinity":45,"s:93:4:93:Infinity":46,"s:94:4:96:Infinity":47,"s:95:6:95:Infinity":48,"s:99:2:113:Infinity":49,"s:118:13:124:Infinity":50,"f:118:13:118:29":9,"s:119:8:119:Infinity":51,"b:120:2:122:Infinity:undefined:undefined:undefined:undefined":4,"s:120:2:122:Infinity":52,"s:121:4:121:Infinity":53,"s:123:2:123:Infinity":54}}}
,"/home/gtr/work/maciasoft/Controlador Pesaje/codigo/frontend/src/features/dashboard/pages/ArticulosPage.tsx": {"path":"/home/gtr/work/maciasoft/Controlador Pesaje/codigo/frontend/src/features/dashboard/pages/ArticulosPage.tsx","statementMap":{"0":{"start":{"line":15,"column":19},"end":{"line":15,"column":null}},"1":{"start":{"line":17,"column":39},"end":{"line":21,"column":null}},"2":{"start":{"line":23,"column":13},"end":{"line":304,"column":null}},"3":{"start":{"line":24,"column":8},"end":{"line":24,"column":null}},"4":{"start":{"line":25,"column":22},"end":{"line":25,"column":null}},"5":{"start":{"line":26,"column":26},"end":{"line":26,"column":null}},"6":{"start":{"line":27,"column":19},"end":{"line":27,"column":null}},"7":{"start":{"line":29,"column":17},"end":{"line":29,"column":null}},"8":{"start":{"line":30,"column":16},"end":{"line":30,"column":null}},"9":{"start":{"line":31,"column":16},"end":{"line":31,"column":null}},"10":{"start":{"line":33,"column":64},"end":{"line":36,"column":null}},"11":{"start":{"line":38,"column":68},"end":{"line":41,"column":null}},"12":{"start":{"line":43,"column":20},"end":{"line":43,"column":null}},"13":{"start":{"line":44,"column":16},"end":{"line":44,"column":null}},"14":{"start":{"line":46,"column":8},"end":{"line":58,"column":null}},"15":{"start":{"line":47,"column":17},"end":{"line":47,"column":null}},"16":{"start":{"line":48,"column":14},"end":{"line":48,"column":null}},"17":{"start":{"line":50,"column":17},"end":{"line":50,"column":null}},"18":{"start":{"line":51,"column":4},"end":{"line":55,"column":null}},"19":{"start":{"line":52,"column":6},"end":{"line":54,"column":null}},"20":{"start":{"line":53,"column":8},"end":{"line":53,"column":null}},"21":{"start":{"line":57,"column":4},"end":{"line":57,"column":null}},"22":{"start":{"line":57,"column":38},"end":{"line":57,"column":70}},"23":{"start":{"line":60,"column":8},"end":{"line":76,"column":null}},"24":{"start":{"line":63,"column":6},"end":{"line":63,"column":null}},"25":{"start":{"line":64,"column":6},"end":{"line":64,"column":null}},"26":{"start":{"line":65,"column":6},"end":{"line":65,"column":null}},"27":{"start":{"line":68,"column":16},"end":{"line":68,"column":null}},"28":{"start":{"line":69,"column":6},"end":{"line":73,"column":null}},"29":{"start":{"line":70,"column":8},"end":{"line":70,"column":null}},"30":{"start":{"line":71,"column":13},"end":{"line":73,"column":null}},"31":{"start":{"line":72,"column":8},"end":{"line":72,"column":null}},"32":{"start":{"line":74,"column":6},"end":{"line":74,"column":null}},"33":{"start":{"line":78,"column":8},"end":{"line":94,"column":null}},"34":{"start":{"line":79,"column":23},"end":{"line":79,"column":null}},"35":{"start":{"line":81,"column":6},"end":{"line":81,"column":null}},"36":{"start":{"line":82,"column":6},"end":{"line":82,"column":null}},"37":{"start":{"line":83,"column":6},"end":{"line":83,"column":null}},"38":{"start":{"line":86,"column":16},"end":{"line":86,"column":null}},"39":{"start":{"line":87,"column":6},"end":{"line":91,"column":null}},"40":{"start":{"line":88,"column":8},"end":{"line":88,"column":null}},"41":{"start":{"line":89,"column":13},"end":{"line":91,"column":null}},"42":{"start":{"line":90,"column":8},"end":{"line":90,"column":null}},"43":{"start":{"line":92,"column":6},"end":{"line":92,"column":null}},"44":{"start":{"line":96,"column":8},"end":{"line":112,"column":null}},"45":{"start":{"line":99,"column":6},"end":{"line":99,"column":null}},"46":{"start":{"line":100,"column":6},"end":{"line":100,"column":null}},"47":{"start":{"line":101,"column":6},"end":{"line":101,"column":null}},"48":{"start":{"line":104,"column":16},"end":{"line":104,"column":null}},"49":{"start":{"line":105,"column":6},"end":{"line":109,"column":null}},"50":{"start":{"line":106,"column":8},"end":{"line":106,"column":null}},"51":{"start":{"line":107,"column":13},"end":{"line":109,"column":null}},"52":{"start":{"line":108,"column":8},"end":{"line":108,"column":null}},"53":{"start":{"line":110,"column":6},"end":{"line":110,"column":null}},"54":{"start":{"line":114,"column":8},"end":{"line":127,"column":null}},"55":{"start":{"line":115,"column":4},"end":{"line":125,"column":null}},"56":{"start":{"line":116,"column":6},"end":{"line":116,"column":null}},"57":{"start":{"line":117,"column":6},"end":{"line":121,"column":null}},"58":{"start":{"line":123,"column":6},"end":{"line":123,"column":null}},"59":{"start":{"line":124,"column":6},"end":{"line":124,"column":null}},"60":{"start":{"line":126,"column":4},"end":{"line":126,"column":null}},"61":{"start":{"line":129,"column":8},"end":{"line":133,"column":null}},"62":{"start":{"line":130,"column":4},"end":{"line":130,"column":null}},"63":{"start":{"line":131,"column":4},"end":{"line":131,"column":null}},"64":{"start":{"line":132,"column":4},"end":{"line":132,"column":null}},"65":{"start":{"line":135,"column":8},"end":{"line":145,"column":null}},"66":{"start":{"line":136,"column":4},"end":{"line":136,"column":null}},"67":{"start":{"line":137,"column":4},"end":{"line":144,"column":null}},"68":{"start":{"line":138,"column":6},"end":{"line":141,"column":null}},"69":{"start":{"line":143,"column":6},"end":{"line":143,"column":null}},"70":{"start":{"line":147,"column":8},"end":{"line":151,"column":null}},"71":{"start":{"line":148,"column":4},"end":{"line":150,"column":null}},"72":{"start":{"line":149,"column":6},"end":{"line":149,"column":null}},"73":{"start":{"line":153,"column":8},"end":{"line":164,"column":null}},"74":{"start":{"line":154,"column":4},"end":{"line":154,"column":null}},"75":{"start":{"line":154,"column":30},"end":{"line":154,"column":null}},"76":{"start":{"line":155,"column":4},"end":{"line":163,"column":null}},"77":{"start":{"line":166,"column":17},"end":{"line":166,"column":null}},"78":{"start":{"line":168,"column":2},"end":{"line":168,"column":null}},"79":{"start":{"line":168,"column":17},"end":{"line":168,"column":null}},"80":{"start":{"line":169,"column":2},"end":{"line":169,"column":null}},"81":{"start":{"line":169,"column":13},"end":{"line":169,"column":null}},"82":{"start":{"line":171,"column":2},"end":{"line":302,"column":null}},"83":{"start":{"line":176,"column":25},"end":{"line":176,"column":null}},"84":{"start":{"line":206,"column":14},"end":{"line":220,"column":null}},"85":{"start":{"line":216,"column":41},"end":{"line":216,"column":62}},"86":{"start":{"line":250,"column":37},"end":{"line":250,"column":null}},"87":{"start":{"line":262,"column":37},"end":{"line":262,"column":null}},"88":{"start":{"line":274,"column":37},"end":{"line":274,"column":null}}},"fnMap":{"0":{"name":"(anonymous_0)","decl":{"start":{"line":23,"column":13},"end":{"line":23,"column":35}},"loc":{"start":{"line":23,"column":35},"end":{"line":304,"column":null}},"line":23},"1":{"name":"(anonymous_1)","decl":{"start":{"line":46,"column":29},"end":{"line":46,"column":43}},"loc":{"start":{"line":46,"column":43},"end":{"line":58,"column":5}},"line":46},"2":{"name":"(anonymous_2)","decl":{"start":{"line":52,"column":20},"end":{"line":52,"column":28}},"loc":{"start":{"line":53,"column":8},"end":{"line":53,"column":null}},"line":53},"3":{"name":"(anonymous_3)","decl":{"start":{"line":57,"column":23},"end":{"line":57,"column":29}},"loc":{"start":{"line":57,"column":38},"end":{"line":57,"column":70}},"line":57},"4":{"name":"(anonymous_4)","decl":{"start":{"line":62,"column":4},"end":{"line":62,"column":21}},"loc":{"start":{"line":62,"column":21},"end":{"line":66,"column":null}},"line":62},"5":{"name":"(anonymous_5)","decl":{"start":{"line":67,"column":4},"end":{"line":67,"column":14}},"loc":{"start":{"line":67,"column":31},"end":{"line":75,"column":null}},"line":67},"6":{"name":"(anonymous_6)","decl":{"start":{"line":79,"column":4},"end":{"line":79,"column":17}},"loc":{"start":{"line":79,"column":23},"end":{"line":79,"column":null}},"line":79},"7":{"name":"(anonymous_7)","decl":{"start":{"line":80,"column":4},"end":{"line":80,"column":21}},"loc":{"start":{"line":80,"column":21},"end":{"line":84,"column":null}},"line":80},"8":{"name":"(anonymous_8)","decl":{"start":{"line":85,"column":4},"end":{"line":85,"column":14}},"loc":{"start":{"line":85,"column":31},"end":{"line":93,"column":null}},"line":85},"9":{"name":"(anonymous_9)","decl":{"start":{"line":98,"column":4},"end":{"line":98,"column":21}},"loc":{"start":{"line":98,"column":21},"end":{"line":102,"column":null}},"line":98},"10":{"name":"(anonymous_10)","decl":{"start":{"line":103,"column":4},"end":{"line":103,"column":14}},"loc":{"start":{"line":103,"column":31},"end":{"line":111,"column":null}},"line":103},"11":{"name":"(anonymous_11)","decl":{"start":{"line":114,"column":8},"end":{"line":114,"column":21}},"loc":{"start":{"line":114,"column":45},"end":{"line":127,"column":null}},"line":114},"12":{"name":"(anonymous_12)","decl":{"start":{"line":129,"column":8},"end":{"line":129,"column":27}},"loc":{"start":{"line":129,"column":27},"end":{"line":133,"column":null}},"line":129},"13":{"name":"(anonymous_13)","decl":{"start":{"line":135,"column":8},"end":{"line":135,"column":24}},"loc":{"start":{"line":135,"column":69},"end":{"line":145,"column":null}},"line":135},"14":{"name":"(anonymous_14)","decl":{"start":{"line":147,"column":8},"end":{"line":147,"column":29}},"loc":{"start":{"line":147,"column":29},"end":{"line":151,"column":null}},"line":147},"15":{"name":"(anonymous_15)","decl":{"start":{"line":153,"column":8},"end":{"line":153,"column":30}},"loc":{"start":{"line":153,"column":30},"end":{"line":164,"column":null}},"line":153},"16":{"name":"(anonymous_16)","decl":{"start":{"line":176,"column":10},"end":{"line":176,"column":25}},"loc":{"start":{"line":176,"column":25},"end":{"line":176,"column":null}},"line":176},"17":{"name":"(anonymous_17)","decl":{"start":{"line":205,"column":32},"end":{"line":205,"column":37}},"loc":{"start":{"line":206,"column":14},"end":{"line":220,"column":null}},"line":206},"18":{"name":"(anonymous_18)","decl":{"start":{"line":216,"column":26},"end":{"line":216,"column":41}},"loc":{"start":{"line":216,"column":41},"end":{"line":216,"column":62}},"line":216},"19":{"name":"(anonymous_19)","decl":{"start":{"line":250,"column":20},"end":{"line":250,"column":31}},"loc":{"start":{"line":250,"column":37},"end":{"line":250,"column":null}},"line":250},"20":{"name":"(anonymous_20)","decl":{"start":{"line":262,"column":20},"end":{"line":262,"column":31}},"loc":{"start":{"line":262,"column":37},"end":{"line":262,"column":null}},"line":262},"21":{"name":"(anonymous_21)","decl":{"start":{"line":274,"column":20},"end":{"line":274,"column":31}},"loc":{"start":{"line":274,"column":37},"end":{"line":274,"column":null}},"line":274}},"branchMap":{"0":{"loc":{"start":{"line":33,"column":16},"end":{"line":33,"column":30}},"type":"default-arg","locations":[{"start":{"line":33,"column":26},"end":{"line":33,"column":30}}],"line":33},"1":{"loc":{"start":{"line":38,"column":16},"end":{"line":38,"column":32}},"type":"default-arg","locations":[{"start":{"line":38,"column":28},"end":{"line":38,"column":32}}],"line":38},"2":{"loc":{"start":{"line":43,"column":20},"end":{"line":43,"column":null}},"type":"binary-expr","locations":[{"start":{"line":43,"column":20},"end":{"line":43,"column":38}},{"start":{"line":43,"column":38},"end":{"line":43,"column":null}}],"line":43},"3":{"loc":{"start":{"line":44,"column":16},"end":{"line":44,"column":null}},"type":"binary-expr","locations":[{"start":{"line":44,"column":16},"end":{"line":44,"column":32}},{"start":{"line":44,"column":32},"end":{"line":44,"column":null}}],"line":44},"4":{"loc":{"start":{"line":47,"column":17},"end":{"line":47,"column":null}},"type":"cond-expr","locations":[{"start":{"line":47,"column":39},"end":{"line":47,"column":49}},{"start":{"line":47,"column":49},"end":{"line":47,"column":null}}],"line":47},"5":{"loc":{"start":{"line":51,"column":4},"end":{"line":55,"column":null}},"type":"if","locations":[{"start":{"line":51,"column":4},"end":{"line":55,"column":null}},{"start":{},"end":{}}],"line":51},"6":{"loc":{"start":{"line":53,"column":15},"end":{"line":53,"column":47}},"type":"binary-expr","locations":[{"start":{"line":53,"column":15},"end":{"line":53,"column":45}},{"start":{"line":53,"column":45},"end":{"line":53,"column":47}}],"line":53},"7":{"loc":{"start":{"line":69,"column":6},"end":{"line":73,"column":null}},"type":"if","locations":[{"start":{"line":69,"column":6},"end":{"line":73,"column":null}},{"start":{"line":71,"column":13},"end":{"line":73,"column":null}}],"line":69},"8":{"loc":{"start":{"line":70,"column":14},"end":{"line":70,"column":null}},"type":"binary-expr","locations":[{"start":{"line":70,"column":14},"end":{"line":70,"column":52}},{"start":{"line":70,"column":52},"end":{"line":70,"column":null}}],"line":70},"9":{"loc":{"start":{"line":71,"column":13},"end":{"line":73,"column":null}},"type":"if","locations":[{"start":{"line":71,"column":13},"end":{"line":73,"column":null}},{"start":{},"end":{}}],"line":71},"10":{"loc":{"start":{"line":87,"column":6},"end":{"line":91,"column":null}},"type":"if","locations":[{"start":{"line":87,"column":6},"end":{"line":91,"column":null}},{"start":{"line":89,"column":13},"end":{"line":91,"column":null}}],"line":87},"11":{"loc":{"start":{"line":88,"column":14},"end":{"line":88,"column":null}},"type":"binary-expr","locations":[{"start":{"line":88,"column":14},"end":{"line":88,"column":52}},{"start":{"line":88,"column":52},"end":{"line":88,"column":null}}],"line":88},"12":{"loc":{"start":{"line":89,"column":13},"end":{"line":91,"column":null}},"type":"if","locations":[{"start":{"line":89,"column":13},"end":{"line":91,"column":null}},{"start":{},"end":{}}],"line":89},"13":{"loc":{"start":{"line":105,"column":6},"end":{"line":109,"column":null}},"type":"if","locations":[{"start":{"line":105,"column":6},"end":{"line":109,"column":null}},{"start":{"line":107,"column":13},"end":{"line":109,"column":null}}],"line":105},"14":{"loc":{"start":{"line":106,"column":14},"end":{"line":106,"column":null}},"type":"binary-expr","locations":[{"start":{"line":106,"column":14},"end":{"line":106,"column":52}},{"start":{"line":106,"column":52},"end":{"line":106,"column":null}}],"line":106},"15":{"loc":{"start":{"line":107,"column":13},"end":{"line":109,"column":null}},"type":"if","locations":[{"start":{"line":107,"column":13},"end":{"line":109,"column":null}},{"start":{},"end":{}}],"line":107},"16":{"loc":{"start":{"line":115,"column":4},"end":{"line":125,"column":null}},"type":"if","locations":[{"start":{"line":115,"column":4},"end":{"line":125,"column":null}},{"start":{"line":122,"column":11},"end":{"line":125,"column":null}}],"line":115},"17":{"loc":{"start":{"line":119,"column":21},"end":{"line":119,"column":null}},"type":"binary-expr","locations":[{"start":{"line":119,"column":21},"end":{"line":119,"column":45}},{"start":{"line":119,"column":45},"end":{"line":119,"column":null}}],"line":119},"18":{"loc":{"start":{"line":120,"column":15},"end":{"line":120,"column":null}},"type":"binary-expr","locations":[{"start":{"line":120,"column":15},"end":{"line":120,"column":33}},{"start":{"line":120,"column":33},"end":{"line":120,"column":null}}],"line":120},"19":{"loc":{"start":{"line":137,"column":4},"end":{"line":144,"column":null}},"type":"if","locations":[{"start":{"line":137,"column":4},"end":{"line":144,"column":null}},{"start":{"line":142,"column":11},"end":{"line":144,"column":null}}],"line":137},"20":{"loc":{"start":{"line":140,"column":48},"end":{"line":140,"column":77}},"type":"binary-expr","locations":[{"start":{"line":140,"column":48},"end":{"line":140,"column":66}},{"start":{"line":140,"column":66},"end":{"line":140,"column":77}}],"line":140},"21":{"loc":{"start":{"line":140,"column":90},"end":{"line":140,"column":126}},"type":"binary-expr","locations":[{"start":{"line":140,"column":90},"end":{"line":140,"column":121}},{"start":{"line":140,"column":121},"end":{"line":140,"column":126}}],"line":140},"22":{"loc":{"start":{"line":143,"column":62},"end":{"line":143,"column":91}},"type":"binary-expr","locations":[{"start":{"line":143,"column":62},"end":{"line":143,"column":80}},{"start":{"line":143,"column":80},"end":{"line":143,"column":91}}],"line":143},"23":{"loc":{"start":{"line":143,"column":104},"end":{"line":143,"column":139}},"type":"binary-expr","locations":[{"start":{"line":143,"column":104},"end":{"line":143,"column":128}},{"start":{"line":143,"column":128},"end":{"line":143,"column":139}}],"line":143},"24":{"loc":{"start":{"line":148,"column":4},"end":{"line":150,"column":null}},"type":"if","locations":[{"start":{"line":148,"column":4},"end":{"line":150,"column":null}},{"start":{},"end":{}}],"line":148},"25":{"loc":{"start":{"line":148,"column":8},"end":{"line":148,"column":90}},"type":"binary-expr","locations":[{"start":{"line":148,"column":8},"end":{"line":148,"column":31}},{"start":{"line":148,"column":31},"end":{"line":148,"column":90}}],"line":148},"26":{"loc":{"start":{"line":154,"column":4},"end":{"line":154,"column":null}},"type":"if","locations":[{"start":{"line":154,"column":4},"end":{"line":154,"column":null}},{"start":{},"end":{}}],"line":154},"27":{"loc":{"start":{"line":159,"column":15},"end":{"line":159,"column":null}},"type":"binary-expr","locations":[{"start":{"line":159,"column":15},"end":{"line":159,"column":33}},{"start":{"line":159,"column":33},"end":{"line":159,"column":null}}],"line":159},"28":{"loc":{"start":{"line":160,"column":21},"end":{"line":160,"column":null}},"type":"binary-expr","locations":[{"start":{"line":160,"column":21},"end":{"line":160,"column":52}},{"start":{"line":160,"column":52},"end":{"line":160,"column":null}}],"line":160},"29":{"loc":{"start":{"line":166,"column":17},"end":{"line":166,"column":null}},"type":"binary-expr","locations":[{"start":{"line":166,"column":17},"end":{"line":166,"column":45}},{"start":{"line":166,"column":45},"end":{"line":166,"column":null}}],"line":166},"30":{"loc":{"start":{"line":168,"column":2},"end":{"line":168,"column":null}},"type":"if","locations":[{"start":{"line":168,"column":2},"end":{"line":168,"column":null}},{"start":{},"end":{}}],"line":168},"31":{"loc":{"start":{"line":169,"column":2},"end":{"line":169,"column":null}},"type":"if","locations":[{"start":{"line":169,"column":2},"end":{"line":169,"column":null}},{"start":{},"end":{}}],"line":169},"32":{"loc":{"start":{"line":206,"column":67},"end":{"line":206,"column":null}},"type":"cond-expr","locations":[{"start":{"line":206,"column":95},"end":{"line":206,"column":110}},{"start":{"line":206,"column":110},"end":{"line":206,"column":null}}],"line":206},"33":{"loc":{"start":{"line":208,"column":83},"end":{"line":208,"column":109}},"type":"binary-expr","locations":[{"start":{"line":208,"column":83},"end":{"line":208,"column":101}},{"start":{"line":208,"column":101},"end":{"line":208,"column":109}}],"line":208},"34":{"loc":{"start":{"line":209,"column":65},"end":{"line":209,"column":97}},"type":"binary-expr","locations":[{"start":{"line":209,"column":65},"end":{"line":209,"column":89}},{"start":{"line":209,"column":89},"end":{"line":209,"column":97}}],"line":209},"35":{"loc":{"start":{"line":211,"column":95},"end":{"line":211,"column":null}},"type":"cond-expr","locations":[{"start":{"line":211,"column":123},"end":{"line":211,"column":155}},{"start":{"line":211,"column":155},"end":{"line":211,"column":null}}],"line":211},"36":{"loc":{"start":{"line":212,"column":21},"end":{"line":212,"column":null}},"type":"cond-expr","locations":[{"start":{"line":212,"column":49},"end":{"line":212,"column":60}},{"start":{"line":212,"column":60},"end":{"line":212,"column":null}}],"line":212},"37":{"loc":{"start":{"line":222,"column":13},"end":{"line":227,"column":null}},"type":"binary-expr","locations":[{"start":{"line":222,"column":13},"end":{"line":222,"column":null}},{"start":{"line":223,"column":14},"end":{"line":227,"column":null}}],"line":222},"38":{"loc":{"start":{"line":231,"column":7},"end":{"line":300,"column":null}},"type":"binary-expr","locations":[{"start":{"line":231,"column":7},"end":{"line":231,"column":null}},{"start":{"line":232,"column":8},"end":{"line":300,"column":null}}],"line":231},"39":{"loc":{"start":{"line":235,"column":49},"end":{"line":235,"column":108}},"type":"cond-expr","locations":[{"start":{"line":235,"column":67},"end":{"line":235,"column":87}},{"start":{"line":235,"column":87},"end":{"line":235,"column":108}}],"line":235},"40":{"loc":{"start":{"line":279,"column":17},"end":{"line":283,"column":null}},"type":"binary-expr","locations":[{"start":{"line":279,"column":17},"end":{"line":279,"column":null}},{"start":{"line":280,"column":18},"end":{"line":283,"column":null}}],"line":279},"41":{"loc":{"start":{"line":285,"column":17},"end":{"line":289,"column":null}},"type":"binary-expr","locations":[{"start":{"line":285,"column":17},"end":{"line":285,"column":40}},{"start":{"line":285,"column":40},"end":{"line":285,"column":null}},{"start":{"line":286,"column":18},"end":{"line":289,"column":null}}],"line":285},"42":{"loc":{"start":{"line":286,"column":50},"end":{"line":286,"column":86}},"type":"binary-expr","locations":[{"start":{"line":286,"column":50},"end":{"line":286,"column":60}},{"start":{"line":286,"column":60},"end":{"line":286,"column":86}}],"line":286},"43":{"loc":{"start":{"line":288,"column":41},"end":{"line":288,"column":null}},"type":"cond-expr","locations":[{"start":{"line":288,"column":68},"end":{"line":288,"column":86}},{"start":{"line":288,"column":86},"end":{"line":288,"column":null}}],"line":288},"44":{"loc":{"start":{"line":295,"column":19},"end":{"line":295,"column":null}},"type":"cond-expr","locations":[{"start":{"line":295,"column":28},"end":{"line":295,"column":45}},{"start":{"line":295,"column":45},"end":{"line":295,"column":null}}],"line":295}},"s":{"0":2,"1":2,"2":2,"3":42,"4":42,"5":42,"6":42,"7":42,"8":42,"9":42,"10":42,"11":42,"12":42,"13":42,"14":42,"15":29,"16":29,"17":29,"18":29,"19":6,"20":18,"21":29,"22":24,"23":42,"24":0,"25":0,"26":0,"27":0,"28":0,"29":0,"30":0,"31":0,"32":0,"33":42,"34":3,"35":3,"36":3,"37":3,"38":0,"39":0,"40":0,"41":0,"42":0,"43":0,"44":42,"45":0,"46":0,"47":0,"48":0,"49":0,"50":0,"51":0,"52":0,"53":0,"54":42,"55":5,"56":5,"57":5,"58":0,"59":0,"60":5,"61":42,"62":3,"63":3,"64":3,"65":42,"66":2,"67":2,"68":2,"69":0,"70":42,"71":0,"72":0,"73":42,"74":1,"75":0,"76":1,"77":42,"78":42,"79":9,"80":33,"81":33,"82":33,"83":0,"84":75,"85":5,"86":0,"87":0,"88":2},"f":{"0":42,"1":29,"2":18,"3":24,"4":0,"5":0,"6":3,"7":3,"8":0,"9":0,"10":0,"11":5,"12":3,"13":2,"14":0,"15":1,"16":0,"17":75,"18":5,"19":0,"20":0,"21":2},"b":{"0":[42],"1":[42],"2":[42,33],"3":[42,42],"4":[25,4],"5":[6,23],"6":[18,0],"7":[0,0],"8":[0,0],"9":[0,0],"10":[0,0],"11":[0,0],"12":[0,0],"13":[0,0],"14":[0,0],"15":[0,0],"16":[5,0],"17":[5,0],"18":[5,0],"19":[2,0],"20":[2,0],"21":[2,2],"22":[0,0],"23":[0,0],"24":[0,0],"25":[0,0],"26":[0,1],"27":[1,0],"28":[1,0],"29":[42,42],"30":[9,33],"31":[0,33],"32":[24,51],"33":[75,0],"34":[75,27],"35":[51,24],"36":[51,24],"37":[33,0],"38":[42,7],"39":[7,0],"40":[7,4],"41":[7,7,3],"42":[3,3],"43":[0,3],"44":[0,7]},"meta":{"lastBranch":45,"lastFunction":22,"lastStatement":89,"seen":{"s:15:19:15:Infinity":0,"s:17:39:21:Infinity":1,"s:23:13:304:Infinity":2,"f:23:13:23:35":0,"s:24:8:24:Infinity":3,"s:25:22:25:Infinity":4,"s:26:26:26:Infinity":5,"s:27:19:27:Infinity":6,"s:29:17:29:Infinity":7,"s:30:16:30:Infinity":8,"s:31:16:31:Infinity":9,"s:33:64:36:Infinity":10,"b:33:26:33:30":0,"s:38:68:41:Infinity":11,"b:38:28:38:32":1,"s:43:20:43:Infinity":12,"b:43:20:43:38:43:38:43:Infinity":2,"s:44:16:44:Infinity":13,"b:44:16:44:32:44:32:44:Infinity":3,"s:46:8:58:Infinity":14,"f:46:29:46:43":1,"s:47:17:47:Infinity":15,"b:47:39:47:49:47:49:47:Infinity":4,"s:48:14:48:Infinity":16,"s:50:17:50:Infinity":17,"b:51:4:55:Infinity:undefined:undefined:undefined:undefined":5,"s:51:4:55:Infinity":18,"s:52:6:54:Infinity":19,"f:52:20:52:28":2,"s:53:8:53:Infinity":20,"b:53:15:53:45:53:45:53:47":6,"s:57:4:57:Infinity":21,"f:57:23:57:29":3,"s:57:38:57:70":22,"s:60:8:76:Infinity":23,"f:62:4:62:21":4,"s:63:6:63:Infinity":24,"s:64:6:64:Infinity":25,"s:65:6:65:Infinity":26,"f:67:4:67:14":5,"s:68:16:68:Infinity":27,"b:69:6:73:Infinity:71:13:73:Infinity":7,"s:69:6:73:Infinity":28,"s:70:8:70:Infinity":29,"b:70:14:70:52:70:52:70:Infinity":8,"b:71:13:73:Infinity:undefined:undefined:undefined:undefined":9,"s:71:13:73:Infinity":30,"s:72:8:72:Infinity":31,"s:74:6:74:Infinity":32,"s:78:8:94:Infinity":33,"f:79:4:79:17":6,"s:79:23:79:Infinity":34,"f:80:4:80:21":7,"s:81:6:81:Infinity":35,"s:82:6:82:Infinity":36,"s:83:6:83:Infinity":37,"f:85:4:85:14":8,"s:86:16:86:Infinity":38,"b:87:6:91:Infinity:89:13:91:Infinity":10,"s:87:6:91:Infinity":39,"s:88:8:88:Infinity":40,"b:88:14:88:52:88:52:88:Infinity":11,"b:89:13:91:Infinity:undefined:undefined:undefined:undefined":12,"s:89:13:91:Infinity":41,"s:90:8:90:Infinity":42,"s:92:6:92:Infinity":43,"s:96:8:112:Infinity":44,"f:98:4:98:21":9,"s:99:6:99:Infinity":45,"s:100:6:100:Infinity":46,"s:101:6:101:Infinity":47,"f:103:4:103:14":10,"s:104:16:104:Infinity":48,"b:105:6:109:Infinity:107:13:109:Infinity":13,"s:105:6:109:Infinity":49,"s:106:8:106:Infinity":50,"b:106:14:106:52:106:52:106:Infinity":14,"b:107:13:109:Infinity:undefined:undefined:undefined:undefined":15,"s:107:13:109:Infinity":51,"s:108:8:108:Infinity":52,"s:110:6:110:Infinity":53,"s:114:8:127:Infinity":54,"f:114:8:114:21":11,"b:115:4:125:Infinity:122:11:125:Infinity":16,"s:115:4:125:Infinity":55,"s:116:6:116:Infinity":56,"s:117:6:121:Infinity":57,"b:119:21:119:45:119:45:119:Infinity":17,"b:120:15:120:33:120:33:120:Infinity":18,"s:123:6:123:Infinity":58,"s:124:6:124:Infinity":59,"s:126:4:126:Infinity":60,"s:129:8:133:Infinity":61,"f:129:8:129:27":12,"s:130:4:130:Infinity":62,"s:131:4:131:Infinity":63,"s:132:4:132:Infinity":64,"s:135:8:145:Infinity":65,"f:135:8:135:24":13,"s:136:4:136:Infinity":66,"b:137:4:144:Infinity:142:11:144:Infinity":19,"s:137:4:144:Infinity":67,"s:138:6:141:Infinity":68,"b:140:48:140:66:140:66:140:77":20,"b:140:90:140:121:140:121:140:126":21,"s:143:6:143:Infinity":69,"b:143:62:143:80:143:80:143:91":22,"b:143:104:143:128:143:128:143:139":23,"s:147:8:151:Infinity":70,"f:147:8:147:29":14,"b:148:4:150:Infinity:undefined:undefined:undefined:undefined":24,"s:148:4:150:Infinity":71,"b:148:8:148:31:148:31:148:90":25,"s:149:6:149:Infinity":72,"s:153:8:164:Infinity":73,"f:153:8:153:30":15,"b:154:4:154:Infinity:undefined:undefined:undefined:undefined":26,"s:154:4:154:Infinity":74,"s:154:30:154:Infinity":75,"s:155:4:163:Infinity":76,"b:159:15:159:33:159:33:159:Infinity":27,"b:160:21:160:52:160:52:160:Infinity":28,"s:166:17:166:Infinity":77,"b:166:17:166:45:166:45:166:Infinity":29,"b:168:2:168:Infinity:undefined:undefined:undefined:undefined":30,"s:168:2:168:Infinity":78,"s:168:17:168:Infinity":79,"b:169:2:169:Infinity:undefined:undefined:undefined:undefined":31,"s:169:2:169:Infinity":80,"s:169:13:169:Infinity":81,"s:171:2:302:Infinity":82,"f:176:10:176:25":16,"s:176:25:176:Infinity":83,"f:205:32:205:37":17,"s:206:14:220:Infinity":84,"b:206:95:206:110:206:110:206:Infinity":32,"b:208:83:208:101:208:101:208:109":33,"b:209:65:209:89:209:89:209:97":34,"b:211:123:211:155:211:155:211:Infinity":35,"b:212:49:212:60:212:60:212:Infinity":36,"f:216:26:216:41":18,"s:216:41:216:62":85,"b:222:13:222:Infinity:223:14:227:Infinity":37,"b:231:7:231:Infinity:232:8:300:Infinity":38,"b:235:67:235:87:235:87:235:108":39,"f:250:20:250:31":19,"s:250:37:250:Infinity":86,"f:262:20:262:31":20,"s:262:37:262:Infinity":87,"f:274:20:274:31":21,"s:274:37:274:Infinity":88,"b:279:17:279:Infinity:280:18:283:Infinity":40,"b:285:17:285:40:285:40:285:Infinity:286:18:289:Infinity":41,"b:286:50:286:60:286:60:286:86":42,"b:288:68:288:86:288:86:288:Infinity":43,"b:295:28:295:45:295:45:295:Infinity":44}}}
,"/home/gtr/work/maciasoft/Controlador Pesaje/codigo/frontend/src/features/dashboard/pages/EtapasPage.tsx": {"path":"/home/gtr/work/maciasoft/Controlador Pesaje/codigo/frontend/src/features/dashboard/pages/EtapasPage.tsx","statementMap":{"0":{"start":{"line":16,"column":19},"end":{"line":16,"column":null}},"1":{"start":{"line":18,"column":36},"end":{"line":21,"column":null}},"2":{"start":{"line":23,"column":13},"end":{"line":276,"column":null}},"3":{"start":{"line":24,"column":8},"end":{"line":24,"column":null}},"4":{"start":{"line":25,"column":22},"end":{"line":25,"column":null}},"5":{"start":{"line":26,"column":23},"end":{"line":26,"column":null}},"6":{"start":{"line":27,"column":19},"end":{"line":27,"column":null}},"7":{"start":{"line":29,"column":17},"end":{"line":29,"column":null}},"8":{"start":{"line":30,"column":16},"end":{"line":30,"column":null}},"9":{"start":{"line":31,"column":16},"end":{"line":31,"column":null}},"10":{"start":{"line":33,"column":64},"end":{"line":36,"column":null}},"11":{"start":{"line":38,"column":68},"end":{"line":41,"column":null}},"12":{"start":{"line":43,"column":20},"end":{"line":43,"column":null}},"13":{"start":{"line":44,"column":16},"end":{"line":44,"column":null}},"14":{"start":{"line":46,"column":8},"end":{"line":58,"column":null}},"15":{"start":{"line":47,"column":17},"end":{"line":47,"column":null}},"16":{"start":{"line":48,"column":14},"end":{"line":48,"column":null}},"17":{"start":{"line":50,"column":17},"end":{"line":50,"column":null}},"18":{"start":{"line":51,"column":4},"end":{"line":55,"column":null}},"19":{"start":{"line":52,"column":6},"end":{"line":54,"column":null}},"20":{"start":{"line":53,"column":8},"end":{"line":53,"column":null}},"21":{"start":{"line":57,"column":4},"end":{"line":57,"column":null}},"22":{"start":{"line":57,"column":38},"end":{"line":57,"column":70}},"23":{"start":{"line":60,"column":8},"end":{"line":67,"column":null}},"24":{"start":{"line":63,"column":6},"end":{"line":63,"column":null}},"25":{"start":{"line":64,"column":6},"end":{"line":64,"column":null}},"26":{"start":{"line":65,"column":6},"end":{"line":65,"column":null}},"27":{"start":{"line":69,"column":8},"end":{"line":85,"column":null}},"28":{"start":{"line":70,"column":23},"end":{"line":70,"column":null}},"29":{"start":{"line":72,"column":6},"end":{"line":72,"column":null}},"30":{"start":{"line":73,"column":6},"end":{"line":73,"column":null}},"31":{"start":{"line":74,"column":6},"end":{"line":74,"column":null}},"32":{"start":{"line":77,"column":16},"end":{"line":77,"column":null}},"33":{"start":{"line":78,"column":6},"end":{"line":82,"column":null}},"34":{"start":{"line":79,"column":8},"end":{"line":79,"column":null}},"35":{"start":{"line":80,"column":13},"end":{"line":82,"column":null}},"36":{"start":{"line":81,"column":8},"end":{"line":81,"column":null}},"37":{"start":{"line":83,"column":6},"end":{"line":83,"column":null}},"38":{"start":{"line":87,"column":8},"end":{"line":103,"column":null}},"39":{"start":{"line":90,"column":6},"end":{"line":90,"column":null}},"40":{"start":{"line":91,"column":6},"end":{"line":91,"column":null}},"41":{"start":{"line":92,"column":6},"end":{"line":92,"column":null}},"42":{"start":{"line":95,"column":16},"end":{"line":95,"column":null}},"43":{"start":{"line":96,"column":6},"end":{"line":100,"column":null}},"44":{"start":{"line":97,"column":8},"end":{"line":97,"column":null}},"45":{"start":{"line":98,"column":13},"end":{"line":100,"column":null}},"46":{"start":{"line":99,"column":8},"end":{"line":99,"column":null}},"47":{"start":{"line":101,"column":6},"end":{"line":101,"column":null}},"48":{"start":{"line":105,"column":8},"end":{"line":114,"column":null}},"49":{"start":{"line":106,"column":4},"end":{"line":112,"column":null}},"50":{"start":{"line":107,"column":6},"end":{"line":107,"column":null}},"51":{"start":{"line":108,"column":6},"end":{"line":108,"column":null}},"52":{"start":{"line":110,"column":6},"end":{"line":110,"column":null}},"53":{"start":{"line":111,"column":6},"end":{"line":111,"column":null}},"54":{"start":{"line":113,"column":4},"end":{"line":113,"column":null}},"55":{"start":{"line":116,"column":8},"end":{"line":120,"column":null}},"56":{"start":{"line":117,"column":4},"end":{"line":117,"column":null}},"57":{"start":{"line":118,"column":4},"end":{"line":118,"column":null}},"58":{"start":{"line":119,"column":4},"end":{"line":119,"column":null}},"59":{"start":{"line":122,"column":8},"end":{"line":132,"column":null}},"60":{"start":{"line":123,"column":4},"end":{"line":123,"column":null}},"61":{"start":{"line":124,"column":4},"end":{"line":131,"column":null}},"62":{"start":{"line":125,"column":6},"end":{"line":128,"column":null}},"63":{"start":{"line":130,"column":6},"end":{"line":130,"column":null}},"64":{"start":{"line":134,"column":8},"end":{"line":138,"column":null}},"65":{"start":{"line":135,"column":4},"end":{"line":137,"column":null}},"66":{"start":{"line":136,"column":6},"end":{"line":136,"column":null}},"67":{"start":{"line":140,"column":8},"end":{"line":150,"column":null}},"68":{"start":{"line":141,"column":4},"end":{"line":141,"column":null}},"69":{"start":{"line":141,"column":27},"end":{"line":141,"column":null}},"70":{"start":{"line":142,"column":4},"end":{"line":149,"column":null}},"71":{"start":{"line":152,"column":17},"end":{"line":152,"column":null}},"72":{"start":{"line":154,"column":2},"end":{"line":154,"column":null}},"73":{"start":{"line":154,"column":17},"end":{"line":154,"column":null}},"74":{"start":{"line":155,"column":2},"end":{"line":155,"column":null}},"75":{"start":{"line":155,"column":13},"end":{"line":155,"column":null}},"76":{"start":{"line":157,"column":2},"end":{"line":274,"column":null}},"77":{"start":{"line":162,"column":25},"end":{"line":162,"column":null}},"78":{"start":{"line":191,"column":14},"end":{"line":204,"column":null}},"79":{"start":{"line":200,"column":41},"end":{"line":200,"column":59}},"80":{"start":{"line":234,"column":37},"end":{"line":234,"column":null}},"81":{"start":{"line":246,"column":37},"end":{"line":246,"column":null}}},"fnMap":{"0":{"name":"(anonymous_0)","decl":{"start":{"line":23,"column":13},"end":{"line":23,"column":32}},"loc":{"start":{"line":23,"column":32},"end":{"line":276,"column":null}},"line":23},"1":{"name":"(anonymous_1)","decl":{"start":{"line":46,"column":26},"end":{"line":46,"column":40}},"loc":{"start":{"line":46,"column":40},"end":{"line":58,"column":5}},"line":46},"2":{"name":"(anonymous_2)","decl":{"start":{"line":52,"column":20},"end":{"line":52,"column":28}},"loc":{"start":{"line":53,"column":8},"end":{"line":53,"column":null}},"line":53},"3":{"name":"(anonymous_3)","decl":{"start":{"line":57,"column":23},"end":{"line":57,"column":29}},"loc":{"start":{"line":57,"column":38},"end":{"line":57,"column":70}},"line":57},"4":{"name":"(anonymous_4)","decl":{"start":{"line":62,"column":4},"end":{"line":62,"column":21}},"loc":{"start":{"line":62,"column":21},"end":{"line":66,"column":null}},"line":62},"5":{"name":"(anonymous_5)","decl":{"start":{"line":70,"column":4},"end":{"line":70,"column":17}},"loc":{"start":{"line":70,"column":23},"end":{"line":70,"column":null}},"line":70},"6":{"name":"(anonymous_6)","decl":{"start":{"line":71,"column":4},"end":{"line":71,"column":21}},"loc":{"start":{"line":71,"column":21},"end":{"line":75,"column":null}},"line":71},"7":{"name":"(anonymous_7)","decl":{"start":{"line":76,"column":4},"end":{"line":76,"column":14}},"loc":{"start":{"line":76,"column":31},"end":{"line":84,"column":null}},"line":76},"8":{"name":"(anonymous_8)","decl":{"start":{"line":89,"column":4},"end":{"line":89,"column":21}},"loc":{"star
[...]
4,"8":630,"9":0,"10":0,"11":0,"12":23,"13":20,"14":5},"b":{"0":[0,0],"1":[0,0],"2":[0,0],"3":[0,0],"4":[4,0],"5":[0,4],"6":[4,4],"7":[1,2],"8":[0,1],"9":[1,0],"10":[0,0],"11":[31,32],"12":[31,32],"13":[31,32],"14":[31,32],"15":[0,0],"16":[0,0],"17":[0,0],"18":[0,0],"19":[31,32],"20":[20,0],"21":[20,20],"22":[63,1],"23":[31,32],"24":[31,24],"25":[32,12],"26":[4,28]},"meta":{"lastBranch":27,"lastFunction":15,"lastStatement":61,"seen":{"s:10:15:10:Infinity":0,"s:12:6:232:Infinity":1,"f:12:6:12:30":0,"s:13:15:13:Infinity":2,"s:14:17:14:Infinity":3,"s:15:14:15:Infinity":4,"s:16:16:16:Infinity":5,"s:17:18:17:Infinity":6,"s:18:8:18:Infinity":7,"s:19:10:19:Infinity":8,"s:21:23:21:Infinity":9,"s:23:8:30:Infinity":10,"f:23:8:23:23":1,"b:24:4:24:Infinity:undefined:undefined:undefined:undefined":0,"s:24:4:24:Infinity":11,"b:24:8:24:25:24:25:24:42":1,"s:24:42:24:Infinity":12,"b:25:4:29:Infinity:27:11:29:Infinity":2,"s:25:4:29:Infinity":13,"s:26:6:26:Infinity":14,"f:26:6:26:16":2,"s:26:24:26:36":15,"s:28:6:28:Infinity":16,"f:28:6:28:13":3,"s:28:21:28:33":17,"s:32:8:38:Infinity":18,"f:32:8:32:32":4,"b:33:4:37:Infinity:35:11:37:Infinity":3,"s:33:4:37:Infinity":19,"s:34:6:34:Infinity":20,"f:34:6:34:16":5,"s:34:24:34:41":21,"s:36:6:36:Infinity":22,"f:36:6:36:13":6,"s:36:21:36:38":23,"s:40:22:75:Infinity":24,"f:40:22:40:29":7,"b:41:4:41:Infinity:undefined:undefined:undefined:undefined":4,"s:41:4:41:Infinity":25,"s:41:11:41:Infinity":26,"b:42:4:42:Infinity:undefined:undefined:undefined:undefined":5,"s:42:4:42:Infinity":27,"b:42:8:42:19:42:19:42:25":6,"s:42:25:42:Infinity":28,"s:44:4:44:Infinity":29,"s:45:4:45:Infinity":30,"s:46:4:74:Infinity":31,"s:47:24:47:Infinity":32,"s:48:22:48:Infinity":33,"s:49:19:55:Infinity":34,"s:57:6:57:Infinity":35,"b:59:6:63:Infinity:61:13:63:Infinity":7,"s:59:6:63:Infinity":36,"s:60:8:60:Infinity":37,"s:62:8:62:Infinity":38,"b:65:6:69:Infinity:67:13:69:Infinity":8,"s:65:6:69:Infinity":39,"b:65:6:65:31:65:31:65:67":9,"s:66:8:66:Infinity":40,"s:68:8:68:Infinity":41,"s:70:6:70:Infinity":42,"s:71:6:71:Infinity":43,"s:73:6:73:Infinity":44,"s:81:4:99:Infinity":45,"f:82:14:82:18":8,"s:83:8:90:Infinity":46,"f:85:10:85:25":9,"s:85:25:85:Infinity":47,"s:102:2:230:Infinity":48,"f:138:12:138:27":10,"b:138:29:138:62:undefined:undefined:undefined:undefined":10,"s:138:29:138:62":49,"s:138:43:138:62":50,"b:141:18:141:Infinity:142:18:142:Infinity":11,"b:150:29:150:46:150:46:150:Infinity":12,"b:157:18:157:Infinity:158:18:158:Infinity":13,"b:167:28:167:50:167:50:167:Infinity":14,"f:171:14:171:24":11,"s:172:10:172:Infinity":51,"b:173:10:174:Infinity:174:15:174:Infinity":15,"s:173:10:174:Infinity":52,"b:173:14:173:30:173:30:173:38":16,"s:173:38:173:Infinity":53,"b:174:15:174:Infinity:undefined:undefined:undefined:undefined":17,"s:174:15:174:Infinity":54,"b:174:19:174:36:174:36:174:53":18,"s:174:53:174:Infinity":55,"b:178:14:187:15:187:14:197:Infinity":19,"f:184:16:184:26":12,"s:184:31:184:Infinity":56,"f:193:16:193:26":13,"s:194:30:194:Infinity":57,"b:195:18:195:Infinity:undefined:undefined:undefined:undefined":20,"s:195:18:195:Infinity":58,"b:195:22:195:43:195:43:195:60":21,"s:195:60:195:Infinity":59,"b:202:9:202:Infinity:203:10:203:Infinity":22,"b:209:10:217:11:217:10:226:Infinity":23,"f:210:12:210:27":14,"s:210:27:210:Infinity":60,"b:211:22:211:33:211:33:211:Infinity":24,"b:220:24:220:42:220:42:220:Infinity":25,"b:223:25:223:126:223:121:223:126":26}}}
,"/home/gtr/work/maciasoft/Controlador Pesaje/codigo/frontend/src/services/websocket.ts": {"path":"/home/gtr/work/maciasoft/Controlador Pesaje/codigo/frontend/src/services/websocket.ts","statementMap":{"0":{"start":{"line":3,"column":12},"end":{"line":3,"column":null}},"1":{"start":{"line":5,"column":28},"end":{"line":5,"column":null}},"2":{"start":{"line":7,"column":13},"end":{"line":17,"column":null}},"3":{"start":{"line":8,"column":2},"end":{"line":15,"column":null}},"4":{"start":{"line":9,"column":4},"end":{"line":14,"column":null}},"5":{"start":{"line":16,"column":2},"end":{"line":16,"column":null}}},"fnMap":{"0":{"name":"(anonymous_0)","decl":{"start":{"line":7,"column":13},"end":{"line":7,"column":39}},"loc":{"start":{"line":7,"column":39},"end":{"line":17,"column":null}},"line":7}},"branchMap":{"0":{"loc":{"start":{"line":3,"column":12},"end":{"line":3,"column":null}},"type":"binary-expr","locations":[{"start":{"line":3,"column":12},"end":{"line":3,"column":44}},{"start":{"line":3,"column":44},"end":{"line":3,"column":null}}],"line":3},"1":{"loc":{"start":{"line":8,"column":2},"end":{"line":15,"column":null}},"type":"if","locations":[{"start":{"line":8,"column":2},"end":{"line":15,"column":null}},{"start":{},"end":{}}],"line":8}},"s":{"0":1,"1":1,"2":1,"3":1,"4":1,"5":1},"f":{"0":1},"b":{"0":[1,0],"1":[1,0]},"meta":{"lastBranch":2,"lastFunction":1,"lastStatement":6,"seen":{"s:3:12:3:Infinity":0,"b:3:12:3:44:3:44:3:Infinity":0,"s:5:28:5:Infinity":1,"s:7:13:17:Infinity":2,"f:7:13:7:39":0,"b:8:2:15:Infinity:undefined:undefined:undefined:undefined":1,"s:8:2:15:Infinity":3,"s:9:4:14:Infinity":4,"s:16:2:16:Infinity":5}}}
,"/home/gtr/work/maciasoft/Controlador Pesaje/codigo/frontend/src/test/handlers.ts": {"path":"/home/gtr/work/maciasoft/Controlador Pesaje/codigo/frontend/src/test/handlers.ts","statementMap":{"0":{"start":{"line":3,"column":25},"end":{"line":7,"column":null}},"1":{"start":{"line":9,"column":29},"end":{"line":13,"column":null}},"2":{"start":{"line":15,"column":38},"end":{"line":18,"column":null}},"3":{"start":{"line":20,"column":28},"end":{"line":24,"column":null}},"4":{"start":{"line":26,"column":37},"end":{"line":28,"column":null}},"5":{"start":{"line":30,"column":26},"end":{"line":34,"column":null}},"6":{"start":{"line":36,"column":35},"end":{"line":39,"column":null}},"7":{"start":{"line":41,"column":13},"end":{"line":41,"column":null}},"8":{"start":{"line":44,"column":8},"end":{"line":44,"column":null}},"9":{"start":{"line":44,"column":32},"end":{"line":44,"column":null}},"10":{"start":{"line":45,"column":2},"end":{"line":45,"column":null}},"11":{"start":{"line":48,"column":26},"end":{"line":52,"column":null}},"12":{"start":{"line":54,"column":24},"end":{"line":152,"column":null}},"13":{"start":{"line":56,"column":17},"end":{"line":56,"column":null}},"14":{"start":{"line":57,"column":78},"end":{"line":61,"column":null}},"15":{"start":{"line":62,"column":17},"end":{"line":62,"column":null}},"16":{"start":{"line":63,"column":4},"end":{"line":65,"column":null}},"17":{"start":{"line":64,"column":6},"end":{"line":64,"column":null}},"18":{"start":{"line":66,"column":4},"end":{"line":66,"column":null}},"19":{"start":{"line":70,"column":17},"end":{"line":70,"column":null}},"20":{"start":{"line":71,"column":4},"end":{"line":73,"column":null}},"21":{"start":{"line":72,"column":6},"end":{"line":72,"column":null}},"22":{"start":{"line":74,"column":4},"end":{"line":74,"column":null}},"23":{"start":{"line":78,"column":4},"end":{"line":78,"column":null}},"24":{"start":{"line":83,"column":4},"end":{"line":83,"column":null}},"25":{"start":{"line":88,"column":4},"end":{"line":88,"column":null}},"26":{"start":{"line":92,"column":4},"end":{"line":92,"column":null}},"27":{"start":{"line":96,"column":17},"end":{"line":96,"column":null}},"28":{"start":{"line":97,"column":4},"end":{"line":97,"column":null}},"29":{"start":{"line":101,"column":17},"end":{"line":101,"column":null}},"30":{"start":{"line":102,"column":4},"end":{"line":102,"column":null}},"31":{"start":{"line":106,"column":4},"end":{"line":106,"column":null}},"32":{"start":{"line":110,"column":4},"end":{"line":110,"column":null}},"33":{"start":{"line":114,"column":4},"end":{"line":114,"column":null}},"34":{"start":{"line":118,"column":17},"end":{"line":118,"column":null}},"35":{"start":{"line":119,"column":4},"end":{"line":119,"column":null}},"36":{"start":{"line":123,"column":17},"end":{"line":123,"column":null}},"37":{"start":{"line":124,"column":4},"end":{"line":124,"column":null}},"38":{"start":{"line":128,"column":4},"end":{"line":128,"column":null}},"39":{"start":{"line":132,"column":4},"end":{"line":132,"column":null}},"40":{"start":{"line":136,"column":4},"end":{"line":136,"column":null}},"41":{"start":{"line":140,"column":17},"end":{"line":140,"column":null}},"42":{"start":{"line":141,"column":4},"end":{"line":141,"column":null}},"43":{"start":{"line":145,"column":17},"end":{"line":145,"column":null}},"44":{"start":{"line":146,"column":4},"end":{"line":146,"column":null}},"45":{"start":{"line":150,"column":4},"end":{"line":150,"column":null}}},"fnMap":{"0":{"name":"makeFakeJwt","decl":{"start":{"line":43,"column":9},"end":{"line":43,"column":21}},"loc":{"start":{"line":43,"column":46},"end":{"line":46,"column":null}},"line":43},"1":{"name":"(anonymous_1)","decl":{"start":{"line":44,"column":8},"end":{"line":44,"column":18}},"loc":{"start":{"line":44,"column":32},"end":{"line":44,"column":null}},"line":44},"2":{"name":"(anonymous_2)","decl":{"start":{"line":55,"column":34},"end":{"line":55,"column":41}},"loc":{"start":{"line":55,"column":57},"end":{"line":67,"column":3}},"line":55},"3":{"name":"(anonymous_3)","decl":{"start":{"line":69,"column":43},"end":{"line":69,"column":50}},"loc":{"start":{"line":69,"column":66},"end":{"line":75,"column":3}},"line":69},"4":{"name":"(anonymous_4)","decl":{"start":{"line":77,"column":20},"end":{"line":77,"column":47}},"loc":{"start":{"line":77,"column":47},"end":{"line":79,"column":3}},"line":77},"5":{"name":"(anonymous_5)","decl":{"start":{"line":82,"column":19},"end":{"line":82,"column":null}},"loc":{"start":{"line":83,"column":4},"end":{"line":83,"column":null}},"line":83},"6":{"name":"(anonymous_6)","decl":{"start":{"line":87,"column":19},"end":{"line":87,"column":null}},"loc":{"start":{"line":88,"column":4},"end":{"line":88,"column":null}},"line":88},"7":{"name":"(anonymous_7)","decl":{"start":{"line":91,"column":19},"end":{"line":91,"column":null}},"loc":{"start":{"line":92,"column":4},"end":{"line":92,"column":null}},"line":92},"8":{"name":"(anonymous_8)","decl":{"start":{"line":95,"column":33},"end":{"line":95,"column":40}},"loc":{"start":{"line":95,"column":56},"end":{"line":98,"column":3}},"line":95},"9":{"name":"(anonymous_9)","decl":{"start":{"line":100,"column":36},"end":{"line":100,"column":43}},"loc":{"start":{"line":100,"column":59},"end":{"line":103,"column":3}},"line":100},"10":{"name":"(anonymous_10)","decl":{"start":{"line":105,"column":22},"end":{"line":105,"column":null}},"loc":{"start":{"line":106,"column":4},"end":{"line":106,"column":null}},"line":106},"11":{"name":"(anonymous_11)","decl":{"start":{"line":109,"column":19},"end":{"line":109,"column":null}},"loc":{"start":{"line":110,"column":4},"end":{"line":110,"column":null}},"line":110},"12":{"name":"(anonymous_12)","decl":{"start":{"line":113,"column":19},"end":{"line":113,"column":null}},"loc":{"start":{"line":114,"column":4},"end":{"line":114,"column":null}},"line":114},"13":{"name":"(anonymous_13)","decl":{"start":{"line":117,"column":32},"end":{"line":117,"column":39}},"loc":{"start":{"line":117,"column":55},"end":{"line":120,"column":3}},"line":117},"14":{"name":"(anonymous_14)","decl":{"start":{"line":122,"column":35},"end":{"line":122,"column":42}},"loc":{"start":{"line":122,"column":58},"end":{"line":125,"column":3}},"line":122},"15":{"name":"(anonymous_15)","decl":{"start":{"line":127,"column":22},"end":{"line":127,"column":null}},"loc":{"start":{"line":128,"column":4},"end":{"line":128,"column":null}},"line":128},"16":{"name":"(anonymous_16)","decl":{"start":{"line":131,"column":19},"end":{"line":131,"column":null}},"loc":{"start":{"line":132,"column":4},"end":{"line":132,"column":null}},"line":132},"17":{"name":"(anonymous_17)","decl":{"start":{"line":135,"column":19},"end":{"line":135,"column":null}},"loc":{"start":{"line":136,"column":4},"end":{"line":136,"column":null}},"line":136},"18":{"name":"(anonymous_18)","decl":{"start":{"line":139,"column":30},"end":{"line":139,"column":37}},"loc":{"start":{"line":139,"column":53},"end":{"line":142,"column":3}},"line":139},"19":{"name":"(anonymous_19)","decl":{"start":{"line":144,"column":33},"end":{"line":144,"column":40}},"loc":{"start":{"line":144,"column":56},"end":{"line":147,"column":3}},"line":144},"20":{"name":"(anonymous_20)","decl":{"start":{"line":149,"column":22},"end":{"line":149,"column":null}},"loc":{"start":{"line":150,"column":4},"end":{"line":150,"column":null}},"line":150}},"branchMap":{"0":{"loc":{"start":{"line":63,"column":4},"end":{"line":65,"column":null}},"type":"if","locations":[{"start":{"line":63,"column":4},"end":{"line":65,"column":null}},{"start":{},"end":{}}],"line":63},"1":{"loc":{"start":{"line":71,"column":4},"end":{"line":73,"column":null}},"type":"if","locations":[{"start":{"line":71,"column":4},"end":{"line":73,"column":null}},{"start":{},"end":{}}],"line":71},"2":{"loc":{"start":{"line":71,"column":8},"end":{"line":71,"column":57}},"type":"binary-expr","locations":[{"start":{"line":71,"column":8},"end":{"line":71,"column":36}},{"start":{"line":71,"column":36},"end":{"line":71,"column":57}}],"line":71}},"s":{"0":4,"1":4,"2":4,"3":4,"4":4,"5":4,"6":4,"7":4,"8":0,"9":0,"10":0,"11":4,"12":4,"13":0,"14":0,"15":0,"16":0,"17":0,"18":0,"19":0,"20":0,"21":0,"22":0,"23":1,"24":8,"25":12,"26":12,"27":0,"28":0,"29":0,"30":0,"31":0,"32":16,"33":17,"34":0,"35":0,"36":0,"37":0,"38":0,"39":10,"40":10,"41":0,"42":0,"43":0,"44":0,"45":0},"f":{"0":0,"1":0,"2":0,"3":0,"4":1,"5":8,"6":12,"7":12,"8":0,"9":0,"10":0,"11":16,"12":17,"13":0,"14":0,"15":0,"16":10,"17":10,"18":0,"19":0,"20":0},"b":{"0":[0,0],"1":[0,0],"2":[0,0]},"meta":{"lastBranch":3,"lastFunction":21,"lastStatement":46,"seen":{"s:3:25:7:Infinity":0,"s:9:29:13:Infinity":1,"s:15:38:18:Infinity":2,"s:20:28:24:Infinity":3,"s:26:37:28:Infinity":4,"s:30:26:34:Infinity":5,"s:36:35:39:Infinity":6,"s:41:13:41:Infinity":7,"f:43:9:43:21":0,"s:44:8:44:Infinity":8,"f:44:8:44:18":1,"s:44:32:44:Infinity":9,"s:45:2:45:Infinity":10,"s:48:26:52:Infinity":11,"s:54:24:152:Infinity":12,"f:55:34:55:41":2,"s:56:17:56:Infinity":13,"s:57:78:61:Infinity":14,"s:62:17:62:Infinity":15,"b:63:4:65:Infinity:undefined:undefined:undefined:undefined":0,"s:63:4:65:Infinity":16,"s:64:6:64:Infinity":17,"s:66:4:66:Infinity":18,"f:69:43:69:50":3,"s:70:17:70:Infinity":19,"b:71:4:73:Infinity:undefined:undefined:undefined:undefined":1,"s:71:4:73:Infinity":20,"b:71:8:71:36:71:36:71:57":2,"s:72:6:72:Infinity":21,"s:74:4:74:Infinity":22,"f:77:20:77:47":4,"s:78:4:78:Infinity":23,"f:82:19:82:Infinity":5,"s:83:4:83:Infinity":24,"f:87:19:87:Infinity":6,"s:88:4:88:Infinity":25,"f:91:19:91:Infinity":7,"s:92:4:92:Infinity":26,"f:95:33:95:40":8,"s:96:17:96:Infinity":27,"s:97:4:97:Infinity":28,"f:100:36:100:43":9,"s:101:17:101:Infinity":29,"s:102:4:102:Infinity":30,"f:105:22:105:Infinity":10,"s:106:4:106:Infinity":31,"f:109:19:109:Infinity":11,"s:110:4:110:Infinity":32,"f:113:19:113:Infinity":12,"s:114:4:114:Infinity":33,"f:117:32:117:39":13,"s:118:17:118:Infinity":34,"s:119:4:119:Infinity":35,"f:122:35:122:42":14,"s:123:17:123:Infinity":36,"s:124:4:124:Infinity":37,"f:127:22:127:Infinity":15,"s:128:4:128:Infinity":38,"f:131:19:131:Infinity":16,"s:132:4:132:Infinity":39,"f:135:19:135:Infinity":17,"s:136:4:136:Infinity":40,"f:139:30:139:37":18,"s:140:17:140:Infinity":41,"s:141:4:141:Infinity":42,"f:144:33:144:40":19,"s:145:17:145:Infinity":43,"s:146:4:146:Infinity":44,"f:149:22:149:Infinity":20,"s:150:4:150:Infinity":45}}}
,"/home/gtr/work/maciasoft/Controlador Pesaje/codigo/frontend/src/test/render.tsx": {"path":"/home/gtr/work/maciasoft/Controlador Pesaje/codigo/frontend/src/test/render.tsx","statementMap":{"0":{"start":{"line":12,"column":2},"end":{"line":12,"column":null}},"1":{"start":{"line":16,"column":2},"end":{"line":20,"column":null}},"2":{"start":{"line":39,"column":37},"end":{"line":48,"column":null}},"3":{"start":{"line":50,"column":2},"end":{"line":59,"column":null}}},"fnMap":{"0":{"name":"makeQueryClient","decl":{"start":{"line":11,"column":9},"end":{"line":11,"column":27}},"loc":{"start":{"line":11,"column":27},"end":{"line":13,"column":null}},"line":11},"1":{"name":"renderWithProviders","decl":{"start":{"line":15,"column":16},"end":{"line":15,"column":36}},"loc":{"start":{"line":15,"column":51},"end":{"line":21,"column":null}},"line":15},"2":{"name":"renderWithAuth","decl":{"start":{"line":27,"column":16},"end":{"line":27,"column":null}},"loc":{"start":{"line":38,"column":2},"end":{"line":60,"column":null}},"line":38}},"branchMap":{"0":{"loc":{"start":{"line":29,"column":2},"end":{"line":37,"column":null}},"type":"default-arg","locations":[{"start":{"line":37,"column":6},"end":{"line":37,"column":null}}],"line":29},"1":{"loc":{"start":{"line":31,"column":4},"end":{"line":31,"column":null}},"type":"default-arg","locations":[{"start":{"line":31,"column":20},"end":{"line":31,"column":null}}],"line":31},"2":{"loc":{"start":{"line":32,"column":4},"end":{"line":32,"column":null}},"type":"default-arg","locations":[{"start":{"line":32,"column":21},"end":{"line":32,"column":null}}],"line":32},"3":{"loc":{"start":{"line":40,"column":10},"end":{"line":40,"column":null}},"type":"binary-expr","locations":[{"start":{"line":40,"column":10},"end":{"line":40,"column":18}},{"start":{"line":40,"column":18},"end":{"line":40,"column":null}}],"line":40},"4":{"loc":{"start":{"line":41,"column":11},"end":{"line":41,"column":null}},"type":"cond-expr","locations":[{"start":{"line":41,"column":18},"end":{"line":41,"column":37}},{"start":{"line":41,"column":37},"end":{"line":41,"column":null}}],"line":41}},"s":{"0":55,"1":30,"2":25,"3":25},"f":{"0":55,"1":30,"2":25},"b":{"0":[25],"1":[25],"2":[25],"3":[25,2],"4":[23,2]},"meta":{"lastBranch":5,"lastFunction":3,"lastStatement":4,"seen":{"f:11:9:11:27":0,"s:12:2:12:Infinity":0,"f:15:16:15:36":1,"s:16:2:20:Infinity":1,"f:27:16:27:Infinity":2,"b:37:6:37:Infinity":0,"b:31:20:31:Infinity":1,"b:32:21:32:Infinity":2,"s:39:37:48:Infinity":2,"b:40:10:40:18:40:18:40:Infinity":3,"b:41:18:41:37:41:37:41:Infinity":4,"s:50:2:59:Infinity":3}}}
,"/home/gtr/work/maciasoft/Controlador Pesaje/codigo/frontend/src/utils/errors.ts": {"path":"/home/gtr/work/maciasoft/Controlador Pesaje/codigo/frontend/src/utils/errors.ts","statementMap":{"0":{"start":{"line":4,"column":2},"end":{"line":9,"column":null}},"1":{"start":{"line":5,"column":4},"end":{"line":8,"column":null}},"2":{"start":{"line":10,"column":2},"end":{"line":10,"column":null}},"3":{"start":{"line":10,"column":28},"end":{"line":10,"column":null}},"4":{"start":{"line":11,"column":2},"end":{"line":11,"column":null}}},"fnMap":{"0":{"name":"getApiErrorMessage","decl":{"start":{"line":3,"column":16},"end":{"line":3,"column":35}},"loc":{"start":{"line":3,"column":75},"end":{"line":12,"column":null}},"line":3}},"branchMap":{"0":{"loc":{"start":{"line":4,"column":2},"end":{"line":9,"column":null}},"type":"if","locations":[{"start":{"line":4,"column":2},"end":{"line":9,"column":null}},{"start":{},"end":{}}],"line":4},"1":{"loc":{"start":{"line":5,"column":11},"end":{"line":8,"column":null}},"type":"binary-expr","locations":[{"start":{"line":5,"column":11},"end":{"line":5,"column":null}},{"start":{"line":6,"column":9},"end":{"line":6,"column":null}},{"start":{"line":7,"column":9},"end":{"line":7,"column":null}},{"start":{"line":8,"column":9},"end":{"line":8,"column":null}}],"line":5},"2":{"loc":{"start":{"line":10,"column":2},"end":{"line":10,"column":null}},"type":"if","locations":[{"start":{"line":10,"column":2},"end":{"line":10,"column":null}},{"start":{},"end":{}}],"line":10}},"s":{"0":0,"1":0,"2":0,"3":0,"4":0},"f":{"0":0},"b":{"0":[0,0],"1":[0,0,0,0],"2":[0,0]},"meta":{"lastBranch":3,"lastFunction":1,"lastStatement":5,"seen":{"f:3:16:3:35":0,"b:4:2:9:Infinity:undefined:undefined:undefined:undefined":0,"s:4:2:9:Infinity":0,"s:5:4:8:Infinity":1,"b:5:11:5:Infinity:6:9:6:Infinity:7:9:7:Infinity:8:9:8:Infinity":1,"b:10:2:10:Infinity:undefined:undefined:undefined:undefined":2,"s:10:2:10:Infinity":2,"s:10:28:10:Infinity":3,"s:11:2:11:Infinity":4}}}
}
